sql [2021-11-09 20:40:20] [INFO]: Executing (default): CREATE TABLE IF NOT EXISTS `Admins` (`id` INTEGER NOT NULL auto_increment , `loginAccount` VARCHAR(255) NOT NULL, `loginPwd` VARCHAR(255) NOT NULL, `avator` VARCHAR(255), `nickName` VARCHAR(255), `sex` TINYINT(1), `token` VARCHAR(255), `creatTime` DATETIME NOT NULL, `updateTime` DATETIME NOT NULL, `deleteTime` DATETIME, PRIMARY KEY (`id`)) ENGINE=InnoDB;

sql [2021-11-09 20:40:21] [INFO]: Executing (default): SHOW FULL COLUMNS FROM `Admins`;

sql [2021-11-09 20:40:21] [INFO]: Executing (default): SELECT CONSTRAINT_NAME as constraint_name,CONSTRAINT_NAME as constraintName,CONSTRAINT_SCHEMA as constraintSchema,CONSTRAINT_SCHEMA as constraintCatalog,TABLE_NAME as tableName,TABLE_SCHEMA as tableSchema,TABLE_SCHEMA as tableCatalog,COLUMN_NAME as columnName,REFERENCED_TABLE_SCHEMA as referencedTableSchema,REFERENCED_TABLE_SCHEMA as referencedTableCatalog,REFERENCED_TABLE_NAME as referencedTableName,REFERENCED_COLUMN_NAME as referencedColumnName FROM INFORMATION_SCHEMA.KEY_COLUMN_USAGE where TABLE_NAME = 'Admins' AND CONSTRAINT_NAME!='PRIMARY' AND CONSTRAINT_SCHEMA='blogWind' AND REFERENCED_TABLE_NAME IS NOT NULL;

sql [2021-11-09 20:40:21] [INFO]: Executing (default): ALTER TABLE `Admins` CHANGE `loginAccount` `loginAccount` VARCHAR(255) NOT NULL;

sql [2021-11-09 20:40:21] [INFO]: Executing (default): ALTER TABLE `Admins` CHANGE `loginPwd` `loginPwd` VARCHAR(255) NOT NULL;

sql [2021-11-09 20:40:22] [INFO]: Executing (default): ALTER TABLE `Admins` CHANGE `avator` `avator` VARCHAR(255);

sql [2021-11-09 20:40:22] [INFO]: Executing (default): ALTER TABLE `Admins` CHANGE `nickName` `nickName` VARCHAR(255);

sql [2021-11-09 20:40:22] [INFO]: Executing (default): ALTER TABLE `Admins` CHANGE `sex` `sex` TINYINT(1);

sql [2021-11-09 20:40:23] [INFO]: Executing (default): ALTER TABLE `Admins` CHANGE `token` `token` VARCHAR(255);

sql [2021-11-09 20:40:23] [INFO]: Executing (default): ALTER TABLE `Admins` CHANGE `creatTime` `creatTime` DATETIME NOT NULL;

sql [2021-11-09 20:40:23] [INFO]: Executing (default): ALTER TABLE `Admins` CHANGE `updateTime` `updateTime` DATETIME NOT NULL;

sql [2021-11-09 20:40:23] [INFO]: Executing (default): ALTER TABLE `Admins` CHANGE `deleteTime` `deleteTime` DATETIME;

sql [2021-11-09 20:40:23] [INFO]: Executing (default): SHOW INDEX FROM `Admins`

sql [2021-11-09 20:51:31] [INFO]: Executing (default): CREATE TABLE IF NOT EXISTS `Admins` (`id` INTEGER NOT NULL auto_increment , `loginAccount` VARCHAR(255) NOT NULL, `loginPwd` VARCHAR(255) NOT NULL, `avator` VARCHAR(255), `nickName` VARCHAR(255), `sex` TINYINT(1), `token` VARCHAR(255), `creatTime` DATETIME NOT NULL, `updateTime` DATETIME NOT NULL, `deleteTime` DATETIME, PRIMARY KEY (`id`)) ENGINE=InnoDB;

sql [2021-11-09 20:51:31] [INFO]: Executing (default): SHOW FULL COLUMNS FROM `Admins`;

sql [2021-11-09 20:51:31] [INFO]: Executing (default): SELECT CONSTRAINT_NAME as constraint_name,CONSTRAINT_NAME as constraintName,CONSTRAINT_SCHEMA as constraintSchema,CONSTRAINT_SCHEMA as constraintCatalog,TABLE_NAME as tableName,TABLE_SCHEMA as tableSchema,TABLE_SCHEMA as tableCatalog,COLUMN_NAME as columnName,REFERENCED_TABLE_SCHEMA as referencedTableSchema,REFERENCED_TABLE_SCHEMA as referencedTableCatalog,REFERENCED_TABLE_NAME as referencedTableName,REFERENCED_COLUMN_NAME as referencedColumnName FROM INFORMATION_SCHEMA.KEY_COLUMN_USAGE where TABLE_NAME = 'Admins' AND CONSTRAINT_NAME!='PRIMARY' AND CONSTRAINT_SCHEMA='blogWind' AND REFERENCED_TABLE_NAME IS NOT NULL;

sql [2021-11-09 20:51:31] [INFO]: Executing (default): ALTER TABLE `Admins` CHANGE `loginAccount` `loginAccount` VARCHAR(255) NOT NULL;

sql [2021-11-09 20:51:31] [INFO]: Executing (default): ALTER TABLE `Admins` CHANGE `loginPwd` `loginPwd` VARCHAR(255) NOT NULL;

sql [2021-11-09 20:51:31] [INFO]: Executing (default): ALTER TABLE `Admins` CHANGE `avator` `avator` VARCHAR(255);

sql [2021-11-09 20:51:31] [INFO]: Executing (default): ALTER TABLE `Admins` CHANGE `nickName` `nickName` VARCHAR(255);

sql [2021-11-09 20:51:32] [INFO]: Executing (default): ALTER TABLE `Admins` CHANGE `sex` `sex` TINYINT(1);

sql [2021-11-09 20:51:32] [INFO]: Executing (default): ALTER TABLE `Admins` CHANGE `token` `token` VARCHAR(255);

sql [2021-11-09 20:51:32] [INFO]: Executing (default): ALTER TABLE `Admins` CHANGE `creatTime` `creatTime` DATETIME NOT NULL;

sql [2021-11-09 20:51:33] [INFO]: Executing (default): ALTER TABLE `Admins` CHANGE `updateTime` `updateTime` DATETIME NOT NULL;

sql [2021-11-09 20:51:33] [INFO]: Executing (default): ALTER TABLE `Admins` CHANGE `deleteTime` `deleteTime` DATETIME;

sql [2021-11-09 20:51:33] [INFO]: Executing (default): SHOW INDEX FROM `Admins`

sql [2021-11-09 20:56:40] [INFO]: Executing (default): CREATE TABLE IF NOT EXISTS `Admins` (`id` INTEGER NOT NULL auto_increment , `loginAccount` VARCHAR(255) NOT NULL, `loginPwd` VARCHAR(255) NOT NULL, `avator` VARCHAR(255), `nickName` VARCHAR(255), `sex` TINYINT(1), `token` VARCHAR(255), `creatTime` DATETIME NOT NULL, `updateTime` DATETIME NOT NULL, `deleteTime` DATETIME, PRIMARY KEY (`id`)) ENGINE=InnoDB;

sql [2021-11-09 20:56:40] [INFO]: Executing (default): SHOW FULL COLUMNS FROM `Admins`;

sql [2021-11-09 20:56:40] [INFO]: Executing (default): SELECT CONSTRAINT_NAME as constraint_name,CONSTRAINT_NAME as constraintName,CONSTRAINT_SCHEMA as constraintSchema,CONSTRAINT_SCHEMA as constraintCatalog,TABLE_NAME as tableName,TABLE_SCHEMA as tableSchema,TABLE_SCHEMA as tableCatalog,COLUMN_NAME as columnName,REFERENCED_TABLE_SCHEMA as referencedTableSchema,REFERENCED_TABLE_SCHEMA as referencedTableCatalog,REFERENCED_TABLE_NAME as referencedTableName,REFERENCED_COLUMN_NAME as referencedColumnName FROM INFORMATION_SCHEMA.KEY_COLUMN_USAGE where TABLE_NAME = 'Admins' AND CONSTRAINT_NAME!='PRIMARY' AND CONSTRAINT_SCHEMA='blogWind' AND REFERENCED_TABLE_NAME IS NOT NULL;

sql [2021-11-09 20:56:40] [INFO]: Executing (default): ALTER TABLE `Admins` CHANGE `loginAccount` `loginAccount` VARCHAR(255) NOT NULL;

sql [2021-11-09 20:56:40] [INFO]: Executing (default): ALTER TABLE `Admins` CHANGE `loginPwd` `loginPwd` VARCHAR(255) NOT NULL;

sql [2021-11-09 20:56:40] [INFO]: Executing (default): ALTER TABLE `Admins` CHANGE `avator` `avator` VARCHAR(255);

sql [2021-11-09 20:56:41] [INFO]: Executing (default): ALTER TABLE `Admins` CHANGE `nickName` `nickName` VARCHAR(255);

sql [2021-11-09 20:56:41] [INFO]: Executing (default): ALTER TABLE `Admins` CHANGE `sex` `sex` TINYINT(1);

sql [2021-11-09 20:56:41] [INFO]: Executing (default): ALTER TABLE `Admins` CHANGE `token` `token` VARCHAR(255);

sql [2021-11-09 20:56:42] [INFO]: Executing (default): ALTER TABLE `Admins` CHANGE `creatTime` `creatTime` DATETIME NOT NULL;

sql [2021-11-09 20:56:42] [INFO]: Executing (default): ALTER TABLE `Admins` CHANGE `updateTime` `updateTime` DATETIME NOT NULL;

sql [2021-11-09 20:56:42] [INFO]: Executing (default): ALTER TABLE `Admins` CHANGE `deleteTime` `deleteTime` DATETIME;

sql [2021-11-09 20:56:42] [INFO]: Executing (default): SHOW INDEX FROM `Admins`

sql [2021-11-09 20:57:40] [INFO]: Executing (default): CREATE TABLE IF NOT EXISTS `Admins` (`id` INTEGER NOT NULL auto_increment , `loginAccount` VARCHAR(255) NOT NULL, `loginPwd` VARCHAR(255) NOT NULL, `avator` VARCHAR(255), `nickName` VARCHAR(255), `sex` TINYINT(1), `token` VARCHAR(255), `creatTime` DATETIME NOT NULL, `updateTime` DATETIME NOT NULL, `deleteTime` DATETIME, PRIMARY KEY (`id`)) ENGINE=InnoDB;

sql [2021-11-09 20:57:40] [INFO]: Executing (default): SHOW FULL COLUMNS FROM `Admins`;

sql [2021-11-09 20:57:40] [INFO]: Executing (default): SELECT CONSTRAINT_NAME as constraint_name,CONSTRAINT_NAME as constraintName,CONSTRAINT_SCHEMA as constraintSchema,CONSTRAINT_SCHEMA as constraintCatalog,TABLE_NAME as tableName,TABLE_SCHEMA as tableSchema,TABLE_SCHEMA as tableCatalog,COLUMN_NAME as columnName,REFERENCED_TABLE_SCHEMA as referencedTableSchema,REFERENCED_TABLE_SCHEMA as referencedTableCatalog,REFERENCED_TABLE_NAME as referencedTableName,REFERENCED_COLUMN_NAME as referencedColumnName FROM INFORMATION_SCHEMA.KEY_COLUMN_USAGE where TABLE_NAME = 'Admins' AND CONSTRAINT_NAME!='PRIMARY' AND CONSTRAINT_SCHEMA='blogWind' AND REFERENCED_TABLE_NAME IS NOT NULL;

sql [2021-11-09 20:57:40] [INFO]: Executing (default): ALTER TABLE `Admins` CHANGE `loginAccount` `loginAccount` VARCHAR(255) NOT NULL;

sql [2021-11-09 20:57:40] [INFO]: Executing (default): ALTER TABLE `Admins` CHANGE `loginPwd` `loginPwd` VARCHAR(255) NOT NULL;

sql [2021-11-09 20:57:41] [INFO]: Executing (default): ALTER TABLE `Admins` CHANGE `avator` `avator` VARCHAR(255);

sql [2021-11-09 20:57:41] [INFO]: Executing (default): ALTER TABLE `Admins` CHANGE `nickName` `nickName` VARCHAR(255);

sql [2021-11-09 20:57:42] [INFO]: Executing (default): ALTER TABLE `Admins` CHANGE `sex` `sex` TINYINT(1);

sql [2021-11-09 20:57:42] [INFO]: Executing (default): ALTER TABLE `Admins` CHANGE `token` `token` VARCHAR(255);

sql [2021-11-09 20:57:42] [INFO]: Executing (default): ALTER TABLE `Admins` CHANGE `creatTime` `creatTime` DATETIME NOT NULL;

sql [2021-11-09 20:57:42] [INFO]: Executing (default): ALTER TABLE `Admins` CHANGE `updateTime` `updateTime` DATETIME NOT NULL;

sql [2021-11-09 20:57:42] [INFO]: Executing (default): ALTER TABLE `Admins` CHANGE `deleteTime` `deleteTime` DATETIME;

sql [2021-11-09 20:57:42] [INFO]: Executing (default): SHOW INDEX FROM `Admins`

sql [2021-11-09 21:04:45] [INFO]: Executing (default): CREATE TABLE IF NOT EXISTS `Admins` (`id` INTEGER NOT NULL auto_increment , `loginAccount` VARCHAR(255) NOT NULL, `loginPwd` VARCHAR(255) NOT NULL, `avator` VARCHAR(255), `nickName` VARCHAR(255), `sex` TINYINT(1), `token` VARCHAR(255), `creatTime` DATETIME NOT NULL, `updateTime` DATETIME NOT NULL, `deleteTime` DATETIME, PRIMARY KEY (`id`)) ENGINE=InnoDB;

sql [2021-11-09 21:04:45] [INFO]: Executing (default): SHOW FULL COLUMNS FROM `Admins`;

sql [2021-11-09 21:04:45] [INFO]: Executing (default): SELECT CONSTRAINT_NAME as constraint_name,CONSTRAINT_NAME as constraintName,CONSTRAINT_SCHEMA as constraintSchema,CONSTRAINT_SCHEMA as constraintCatalog,TABLE_NAME as tableName,TABLE_SCHEMA as tableSchema,TABLE_SCHEMA as tableCatalog,COLUMN_NAME as columnName,REFERENCED_TABLE_SCHEMA as referencedTableSchema,REFERENCED_TABLE_SCHEMA as referencedTableCatalog,REFERENCED_TABLE_NAME as referencedTableName,REFERENCED_COLUMN_NAME as referencedColumnName FROM INFORMATION_SCHEMA.KEY_COLUMN_USAGE where TABLE_NAME = 'Admins' AND CONSTRAINT_NAME!='PRIMARY' AND CONSTRAINT_SCHEMA='blogWind' AND REFERENCED_TABLE_NAME IS NOT NULL;

sql [2021-11-09 21:04:45] [INFO]: Executing (default): ALTER TABLE `Admins` CHANGE `loginAccount` `loginAccount` VARCHAR(255) NOT NULL;

sql [2021-11-09 21:04:45] [INFO]: Executing (default): ALTER TABLE `Admins` CHANGE `loginPwd` `loginPwd` VARCHAR(255) NOT NULL;

sql [2021-11-09 21:04:45] [INFO]: Executing (default): ALTER TABLE `Admins` CHANGE `avator` `avator` VARCHAR(255);

sql [2021-11-09 21:04:45] [INFO]: Executing (default): ALTER TABLE `Admins` CHANGE `nickName` `nickName` VARCHAR(255);

sql [2021-11-09 21:04:46] [INFO]: Executing (default): ALTER TABLE `Admins` CHANGE `sex` `sex` TINYINT(1);

sql [2021-11-09 21:04:46] [INFO]: Executing (default): ALTER TABLE `Admins` CHANGE `token` `token` VARCHAR(255);

sql [2021-11-09 21:04:46] [INFO]: Executing (default): ALTER TABLE `Admins` CHANGE `creatTime` `creatTime` DATETIME NOT NULL;

sql [2021-11-09 21:04:47] [INFO]: Executing (default): ALTER TABLE `Admins` CHANGE `updateTime` `updateTime` DATETIME NOT NULL;

sql [2021-11-09 21:04:47] [INFO]: Executing (default): ALTER TABLE `Admins` CHANGE `deleteTime` `deleteTime` DATETIME;

sql [2021-11-09 21:04:47] [INFO]: Executing (default): SHOW INDEX FROM `Admins`

sql [2021-11-09 21:05:16] [INFO]: Executing (default): CREATE TABLE IF NOT EXISTS `Admins` (`id` INTEGER NOT NULL auto_increment , `loginAccount` VARCHAR(255) NOT NULL, `loginPwd` VARCHAR(255) NOT NULL, `avator` VARCHAR(255), `nickName` VARCHAR(255), `sex` TINYINT(1), `token` VARCHAR(255), `creatTime` DATETIME NOT NULL, `updateTime` DATETIME NOT NULL, `deleteTime` DATETIME, PRIMARY KEY (`id`)) ENGINE=InnoDB;

sql [2021-11-09 21:05:16] [INFO]: Executing (default): SHOW FULL COLUMNS FROM `Admins`;

sql [2021-11-09 21:05:16] [INFO]: Executing (default): SELECT CONSTRAINT_NAME as constraint_name,CONSTRAINT_NAME as constraintName,CONSTRAINT_SCHEMA as constraintSchema,CONSTRAINT_SCHEMA as constraintCatalog,TABLE_NAME as tableName,TABLE_SCHEMA as tableSchema,TABLE_SCHEMA as tableCatalog,COLUMN_NAME as columnName,REFERENCED_TABLE_SCHEMA as referencedTableSchema,REFERENCED_TABLE_SCHEMA as referencedTableCatalog,REFERENCED_TABLE_NAME as referencedTableName,REFERENCED_COLUMN_NAME as referencedColumnName FROM INFORMATION_SCHEMA.KEY_COLUMN_USAGE where TABLE_NAME = 'Admins' AND CONSTRAINT_NAME!='PRIMARY' AND CONSTRAINT_SCHEMA='blogWind' AND REFERENCED_TABLE_NAME IS NOT NULL;

sql [2021-11-09 21:05:16] [INFO]: Executing (default): ALTER TABLE `Admins` CHANGE `loginAccount` `loginAccount` VARCHAR(255) NOT NULL;

sql [2021-11-09 21:05:17] [INFO]: Executing (default): ALTER TABLE `Admins` CHANGE `loginPwd` `loginPwd` VARCHAR(255) NOT NULL;

sql [2021-11-09 21:05:17] [INFO]: Executing (default): ALTER TABLE `Admins` CHANGE `avator` `avator` VARCHAR(255);

sql [2021-11-09 21:05:17] [INFO]: Executing (default): ALTER TABLE `Admins` CHANGE `nickName` `nickName` VARCHAR(255);

sql [2021-11-09 21:05:17] [INFO]: Executing (default): ALTER TABLE `Admins` CHANGE `sex` `sex` TINYINT(1);

sql [2021-11-09 21:05:17] [INFO]: Executing (default): ALTER TABLE `Admins` CHANGE `token` `token` VARCHAR(255);

sql [2021-11-09 21:05:17] [INFO]: Executing (default): ALTER TABLE `Admins` CHANGE `creatTime` `creatTime` DATETIME NOT NULL;

sql [2021-11-09 21:05:18] [INFO]: Executing (default): ALTER TABLE `Admins` CHANGE `updateTime` `updateTime` DATETIME NOT NULL;

sql [2021-11-09 21:05:18] [INFO]: Executing (default): ALTER TABLE `Admins` CHANGE `deleteTime` `deleteTime` DATETIME;

sql [2021-11-09 21:05:18] [INFO]: Executing (default): SHOW INDEX FROM `Admins`

sql [2021-11-09 22:16:31] [INFO]: Executing (default): CREATE TABLE IF NOT EXISTS `Admins` (`id` INTEGER NOT NULL auto_increment , `loginAccount` VARCHAR(255) NOT NULL, `loginPwd` VARCHAR(255) NOT NULL, `avator` VARCHAR(255), `nickName` VARCHAR(255), `sex` TINYINT(1), `token` VARCHAR(255), `creatTime` DATETIME NOT NULL, `updateTime` DATETIME NOT NULL, `deleteTime` DATETIME, PRIMARY KEY (`id`)) ENGINE=InnoDB;

sql [2021-11-09 22:16:31] [INFO]: Executing (default): SHOW FULL COLUMNS FROM `Admins`;

sql [2021-11-09 22:16:31] [INFO]: Executing (default): SELECT CONSTRAINT_NAME as constraint_name,CONSTRAINT_NAME as constraintName,CONSTRAINT_SCHEMA as constraintSchema,CONSTRAINT_SCHEMA as constraintCatalog,TABLE_NAME as tableName,TABLE_SCHEMA as tableSchema,TABLE_SCHEMA as tableCatalog,COLUMN_NAME as columnName,REFERENCED_TABLE_SCHEMA as referencedTableSchema,REFERENCED_TABLE_SCHEMA as referencedTableCatalog,REFERENCED_TABLE_NAME as referencedTableName,REFERENCED_COLUMN_NAME as referencedColumnName FROM INFORMATION_SCHEMA.KEY_COLUMN_USAGE where TABLE_NAME = 'Admins' AND CONSTRAINT_NAME!='PRIMARY' AND CONSTRAINT_SCHEMA='blogWind' AND REFERENCED_TABLE_NAME IS NOT NULL;

sql [2021-11-09 22:16:31] [INFO]: Executing (default): ALTER TABLE `Admins` CHANGE `loginAccount` `loginAccount` VARCHAR(255) NOT NULL;

sql [2021-11-09 22:16:31] [INFO]: Executing (default): ALTER TABLE `Admins` CHANGE `loginPwd` `loginPwd` VARCHAR(255) NOT NULL;

sql [2021-11-09 22:16:31] [INFO]: Executing (default): ALTER TABLE `Admins` CHANGE `avator` `avator` VARCHAR(255);

sql [2021-11-09 22:16:31] [INFO]: Executing (default): ALTER TABLE `Admins` CHANGE `nickName` `nickName` VARCHAR(255);

sql [2021-11-09 22:16:31] [INFO]: Executing (default): ALTER TABLE `Admins` CHANGE `sex` `sex` TINYINT(1);

sql [2021-11-09 22:16:32] [INFO]: Executing (default): ALTER TABLE `Admins` CHANGE `token` `token` VARCHAR(255);

sql [2021-11-09 22:16:32] [INFO]: Executing (default): ALTER TABLE `Admins` CHANGE `creatTime` `creatTime` DATETIME NOT NULL;

sql [2021-11-09 22:16:32] [INFO]: Executing (default): ALTER TABLE `Admins` CHANGE `updateTime` `updateTime` DATETIME NOT NULL;

sql [2021-11-09 22:16:32] [INFO]: Executing (default): ALTER TABLE `Admins` CHANGE `deleteTime` `deleteTime` DATETIME;

sql [2021-11-09 22:16:33] [INFO]: Executing (default): SHOW INDEX FROM `Admins`

sql [2021-11-09 22:16:55] [INFO]: Executing (default): CREATE TABLE IF NOT EXISTS `Admins` (`id` INTEGER NOT NULL auto_increment , `loginAccount` VARCHAR(255) NOT NULL, `loginPwd` VARCHAR(255) NOT NULL, `avator` VARCHAR(255), `nickName` VARCHAR(255), `sex` TINYINT(1), `token` VARCHAR(255), `creatTime` DATETIME NOT NULL, `updateTime` DATETIME NOT NULL, `deleteTime` DATETIME, PRIMARY KEY (`id`)) ENGINE=InnoDB;

sql [2021-11-09 22:16:55] [INFO]: Executing (default): SHOW FULL COLUMNS FROM `Admins`;

sql [2021-11-09 22:16:55] [INFO]: Executing (default): SELECT CONSTRAINT_NAME as constraint_name,CONSTRAINT_NAME as constraintName,CONSTRAINT_SCHEMA as constraintSchema,CONSTRAINT_SCHEMA as constraintCatalog,TABLE_NAME as tableName,TABLE_SCHEMA as tableSchema,TABLE_SCHEMA as tableCatalog,COLUMN_NAME as columnName,REFERENCED_TABLE_SCHEMA as referencedTableSchema,REFERENCED_TABLE_SCHEMA as referencedTableCatalog,REFERENCED_TABLE_NAME as referencedTableName,REFERENCED_COLUMN_NAME as referencedColumnName FROM INFORMATION_SCHEMA.KEY_COLUMN_USAGE where TABLE_NAME = 'Admins' AND CONSTRAINT_NAME!='PRIMARY' AND CONSTRAINT_SCHEMA='blogWind' AND REFERENCED_TABLE_NAME IS NOT NULL;

sql [2021-11-09 22:16:55] [INFO]: Executing (default): ALTER TABLE `Admins` CHANGE `loginAccount` `loginAccount` VARCHAR(255) NOT NULL;

sql [2021-11-09 22:16:55] [INFO]: Executing (default): ALTER TABLE `Admins` CHANGE `loginPwd` `loginPwd` VARCHAR(255) NOT NULL;

sql [2021-11-09 22:16:56] [INFO]: Executing (default): ALTER TABLE `Admins` CHANGE `avator` `avator` VARCHAR(255);

sql [2021-11-09 22:16:56] [INFO]: Executing (default): ALTER TABLE `Admins` CHANGE `nickName` `nickName` VARCHAR(255);

sql [2021-11-09 22:16:56] [INFO]: Executing (default): ALTER TABLE `Admins` CHANGE `sex` `sex` TINYINT(1);

sql [2021-11-09 22:16:56] [INFO]: Executing (default): ALTER TABLE `Admins` CHANGE `token` `token` VARCHAR(255);

sql [2021-11-09 22:16:56] [INFO]: Executing (default): ALTER TABLE `Admins` CHANGE `creatTime` `creatTime` DATETIME NOT NULL;

sql [2021-11-09 22:16:57] [INFO]: Executing (default): ALTER TABLE `Admins` CHANGE `updateTime` `updateTime` DATETIME NOT NULL;

sql [2021-11-09 22:16:57] [INFO]: Executing (default): ALTER TABLE `Admins` CHANGE `deleteTime` `deleteTime` DATETIME;

sql [2021-11-09 22:16:57] [INFO]: Executing (default): SHOW INDEX FROM `Admins`

sql [2021-11-09 22:17:46] [INFO]: Executing (default): CREATE TABLE IF NOT EXISTS `Admins` (`id` INTEGER NOT NULL auto_increment , `loginAccount` VARCHAR(255) NOT NULL, `loginPwd` VARCHAR(255) NOT NULL, `avator` VARCHAR(255), `nickName` VARCHAR(255), `sex` TINYINT(1), `token` VARCHAR(255), `creatTime` DATETIME NOT NULL, `updateTime` DATETIME NOT NULL, `deleteTime` DATETIME, PRIMARY KEY (`id`)) ENGINE=InnoDB;

sql [2021-11-09 22:17:46] [INFO]: Executing (default): SHOW FULL COLUMNS FROM `Admins`;

sql [2021-11-09 22:17:46] [INFO]: Executing (default): SELECT CONSTRAINT_NAME as constraint_name,CONSTRAINT_NAME as constraintName,CONSTRAINT_SCHEMA as constraintSchema,CONSTRAINT_SCHEMA as constraintCatalog,TABLE_NAME as tableName,TABLE_SCHEMA as tableSchema,TABLE_SCHEMA as tableCatalog,COLUMN_NAME as columnName,REFERENCED_TABLE_SCHEMA as referencedTableSchema,REFERENCED_TABLE_SCHEMA as referencedTableCatalog,REFERENCED_TABLE_NAME as referencedTableName,REFERENCED_COLUMN_NAME as referencedColumnName FROM INFORMATION_SCHEMA.KEY_COLUMN_USAGE where TABLE_NAME = 'Admins' AND CONSTRAINT_NAME!='PRIMARY' AND CONSTRAINT_SCHEMA='blogWind' AND REFERENCED_TABLE_NAME IS NOT NULL;

sql [2021-11-09 22:17:46] [INFO]: Executing (default): ALTER TABLE `Admins` CHANGE `loginAccount` `loginAccount` VARCHAR(255) NOT NULL;

sql [2021-11-09 22:17:46] [INFO]: Executing (default): ALTER TABLE `Admins` CHANGE `loginPwd` `loginPwd` VARCHAR(255) NOT NULL;

sql [2021-11-09 22:17:46] [INFO]: Executing (default): ALTER TABLE `Admins` CHANGE `avator` `avator` VARCHAR(255);

sql [2021-11-09 22:17:47] [INFO]: Executing (default): ALTER TABLE `Admins` CHANGE `nickName` `nickName` VARCHAR(255);

sql [2021-11-09 22:17:47] [INFO]: Executing (default): ALTER TABLE `Admins` CHANGE `sex` `sex` TINYINT(1);

sql [2021-11-09 22:17:47] [INFO]: Executing (default): ALTER TABLE `Admins` CHANGE `token` `token` VARCHAR(255);

sql [2021-11-09 22:17:47] [INFO]: Executing (default): ALTER TABLE `Admins` CHANGE `creatTime` `creatTime` DATETIME NOT NULL;

sql [2021-11-09 22:17:47] [INFO]: Executing (default): ALTER TABLE `Admins` CHANGE `updateTime` `updateTime` DATETIME NOT NULL;

sql [2021-11-09 22:17:48] [INFO]: Executing (default): ALTER TABLE `Admins` CHANGE `deleteTime` `deleteTime` DATETIME;

sql [2021-11-09 22:17:48] [INFO]: Executing (default): SHOW INDEX FROM `Admins`

sql [2021-11-09 22:18:59] [INFO]: Executing (default): CREATE TABLE IF NOT EXISTS `Admins` (`id` INTEGER NOT NULL auto_increment , `loginAccount` VARCHAR(255) NOT NULL, `loginPwd` VARCHAR(255) NOT NULL, `avator` VARCHAR(255), `nickName` VARCHAR(255), `sex` TINYINT(1), `token` VARCHAR(255), `creatTime` DATETIME NOT NULL, `updateTime` DATETIME NOT NULL, `deleteTime` DATETIME, PRIMARY KEY (`id`)) ENGINE=InnoDB;

sql [2021-11-09 22:18:59] [INFO]: Executing (default): SHOW FULL COLUMNS FROM `Admins`;

sql [2021-11-09 22:18:59] [INFO]: Executing (default): SELECT CONSTRAINT_NAME as constraint_name,CONSTRAINT_NAME as constraintName,CONSTRAINT_SCHEMA as constraintSchema,CONSTRAINT_SCHEMA as constraintCatalog,TABLE_NAME as tableName,TABLE_SCHEMA as tableSchema,TABLE_SCHEMA as tableCatalog,COLUMN_NAME as columnName,REFERENCED_TABLE_SCHEMA as referencedTableSchema,REFERENCED_TABLE_SCHEMA as referencedTableCatalog,REFERENCED_TABLE_NAME as referencedTableName,REFERENCED_COLUMN_NAME as referencedColumnName FROM INFORMATION_SCHEMA.KEY_COLUMN_USAGE where TABLE_NAME = 'Admins' AND CONSTRAINT_NAME!='PRIMARY' AND CONSTRAINT_SCHEMA='blogWind' AND REFERENCED_TABLE_NAME IS NOT NULL;

sql [2021-11-09 22:18:59] [INFO]: Executing (default): ALTER TABLE `Admins` CHANGE `loginAccount` `loginAccount` VARCHAR(255) NOT NULL;

sql [2021-11-09 22:18:59] [INFO]: Executing (default): ALTER TABLE `Admins` CHANGE `loginPwd` `loginPwd` VARCHAR(255) NOT NULL;

sql [2021-11-09 22:18:59] [INFO]: Executing (default): ALTER TABLE `Admins` CHANGE `avator` `avator` VARCHAR(255);

sql [2021-11-09 22:18:59] [INFO]: Executing (default): ALTER TABLE `Admins` CHANGE `nickName` `nickName` VARCHAR(255);

sql [2021-11-09 22:18:59] [INFO]: Executing (default): ALTER TABLE `Admins` CHANGE `sex` `sex` TINYINT(1);

sql [2021-11-09 22:18:59] [INFO]: Executing (default): ALTER TABLE `Admins` CHANGE `token` `token` VARCHAR(255);

sql [2021-11-09 22:19:00] [INFO]: Executing (default): ALTER TABLE `Admins` CHANGE `creatTime` `creatTime` DATETIME NOT NULL;

sql [2021-11-09 22:19:00] [INFO]: Executing (default): ALTER TABLE `Admins` CHANGE `updateTime` `updateTime` DATETIME NOT NULL;

sql [2021-11-09 22:19:00] [INFO]: Executing (default): ALTER TABLE `Admins` CHANGE `deleteTime` `deleteTime` DATETIME;

sql [2021-11-09 22:19:00] [INFO]: Executing (default): SHOW INDEX FROM `Admins`

sql [2021-11-09 22:20:29] [INFO]: Executing (default): CREATE TABLE IF NOT EXISTS `Admins` (`id` INTEGER NOT NULL auto_increment , `loginAccount` VARCHAR(255) NOT NULL, `loginPwd` VARCHAR(255) NOT NULL, `avator` VARCHAR(255), `nickName` VARCHAR(255), `sex` TINYINT(1), `token` VARCHAR(255), `creatTime` DATETIME NOT NULL, `updateTime` DATETIME NOT NULL, `deleteTime` DATETIME, PRIMARY KEY (`id`)) ENGINE=InnoDB;

sql [2021-11-09 22:20:29] [INFO]: Executing (default): SHOW FULL COLUMNS FROM `Admins`;

sql [2021-11-09 22:20:29] [INFO]: Executing (default): SELECT CONSTRAINT_NAME as constraint_name,CONSTRAINT_NAME as constraintName,CONSTRAINT_SCHEMA as constraintSchema,CONSTRAINT_SCHEMA as constraintCatalog,TABLE_NAME as tableName,TABLE_SCHEMA as tableSchema,TABLE_SCHEMA as tableCatalog,COLUMN_NAME as columnName,REFERENCED_TABLE_SCHEMA as referencedTableSchema,REFERENCED_TABLE_SCHEMA as referencedTableCatalog,REFERENCED_TABLE_NAME as referencedTableName,REFERENCED_COLUMN_NAME as referencedColumnName FROM INFORMATION_SCHEMA.KEY_COLUMN_USAGE where TABLE_NAME = 'Admins' AND CONSTRAINT_NAME!='PRIMARY' AND CONSTRAINT_SCHEMA='blogWind' AND REFERENCED_TABLE_NAME IS NOT NULL;

sql [2021-11-09 22:20:29] [INFO]: Executing (default): ALTER TABLE `Admins` CHANGE `loginAccount` `loginAccount` VARCHAR(255) NOT NULL;

sql [2021-11-09 22:20:29] [INFO]: Executing (default): ALTER TABLE `Admins` CHANGE `loginPwd` `loginPwd` VARCHAR(255) NOT NULL;

sql [2021-11-09 22:20:29] [INFO]: Executing (default): ALTER TABLE `Admins` CHANGE `avator` `avator` VARCHAR(255);

sql [2021-11-09 22:20:29] [INFO]: Executing (default): ALTER TABLE `Admins` CHANGE `nickName` `nickName` VARCHAR(255);

sql [2021-11-09 22:20:29] [INFO]: Executing (default): ALTER TABLE `Admins` CHANGE `sex` `sex` TINYINT(1);

sql [2021-11-09 22:20:29] [INFO]: Executing (default): ALTER TABLE `Admins` CHANGE `token` `token` VARCHAR(255);

sql [2021-11-09 22:20:29] [INFO]: Executing (default): ALTER TABLE `Admins` CHANGE `creatTime` `creatTime` DATETIME NOT NULL;

sql [2021-11-09 22:20:29] [INFO]: Executing (default): ALTER TABLE `Admins` CHANGE `updateTime` `updateTime` DATETIME NOT NULL;

sql [2021-11-09 22:20:29] [INFO]: Executing (default): ALTER TABLE `Admins` CHANGE `deleteTime` `deleteTime` DATETIME;

sql [2021-11-09 22:20:30] [INFO]: Executing (default): SHOW INDEX FROM `Admins`

sql [2021-11-09 22:20:44] [INFO]: Executing (default): CREATE TABLE IF NOT EXISTS `Admins` (`id` INTEGER NOT NULL auto_increment , `loginAccount` VARCHAR(255) NOT NULL, `loginPwd` VARCHAR(255) NOT NULL, `avator` VARCHAR(255), `nickName` VARCHAR(255), `sex` TINYINT(1), `token` VARCHAR(255), `creatTime` DATETIME NOT NULL, `updateTime` DATETIME NOT NULL, `deleteTime` DATETIME, PRIMARY KEY (`id`)) ENGINE=InnoDB;

sql [2021-11-09 22:20:44] [INFO]: Executing (default): SHOW FULL COLUMNS FROM `Admins`;

sql [2021-11-09 22:20:44] [INFO]: Executing (default): SELECT CONSTRAINT_NAME as constraint_name,CONSTRAINT_NAME as constraintName,CONSTRAINT_SCHEMA as constraintSchema,CONSTRAINT_SCHEMA as constraintCatalog,TABLE_NAME as tableName,TABLE_SCHEMA as tableSchema,TABLE_SCHEMA as tableCatalog,COLUMN_NAME as columnName,REFERENCED_TABLE_SCHEMA as referencedTableSchema,REFERENCED_TABLE_SCHEMA as referencedTableCatalog,REFERENCED_TABLE_NAME as referencedTableName,REFERENCED_COLUMN_NAME as referencedColumnName FROM INFORMATION_SCHEMA.KEY_COLUMN_USAGE where TABLE_NAME = 'Admins' AND CONSTRAINT_NAME!='PRIMARY' AND CONSTRAINT_SCHEMA='blogWind' AND REFERENCED_TABLE_NAME IS NOT NULL;

sql [2021-11-09 22:20:44] [INFO]: Executing (default): ALTER TABLE `Admins` CHANGE `loginAccount` `loginAccount` VARCHAR(255) NOT NULL;

sql [2021-11-09 22:20:45] [INFO]: Executing (default): ALTER TABLE `Admins` CHANGE `loginPwd` `loginPwd` VARCHAR(255) NOT NULL;

sql [2021-11-09 22:20:45] [INFO]: Executing (default): ALTER TABLE `Admins` CHANGE `avator` `avator` VARCHAR(255);

sql [2021-11-09 22:20:45] [INFO]: Executing (default): ALTER TABLE `Admins` CHANGE `nickName` `nickName` VARCHAR(255);

sql [2021-11-09 22:20:45] [INFO]: Executing (default): ALTER TABLE `Admins` CHANGE `sex` `sex` TINYINT(1);

sql [2021-11-09 22:20:45] [INFO]: Executing (default): ALTER TABLE `Admins` CHANGE `token` `token` VARCHAR(255);

sql [2021-11-09 22:20:45] [INFO]: Executing (default): ALTER TABLE `Admins` CHANGE `creatTime` `creatTime` DATETIME NOT NULL;

sql [2021-11-09 22:20:45] [INFO]: Executing (default): ALTER TABLE `Admins` CHANGE `updateTime` `updateTime` DATETIME NOT NULL;

sql [2021-11-09 22:20:46] [INFO]: Executing (default): ALTER TABLE `Admins` CHANGE `deleteTime` `deleteTime` DATETIME;

sql [2021-11-09 22:20:46] [INFO]: Executing (default): SHOW INDEX FROM `Admins`

sql [2021-11-09 22:21:29] [INFO]: Executing (default): CREATE TABLE IF NOT EXISTS `Admins` (`id` INTEGER NOT NULL auto_increment , `loginAccount` VARCHAR(255) NOT NULL, `loginPwd` VARCHAR(255) NOT NULL, `avator` VARCHAR(255), `nickName` VARCHAR(255), `sex` TINYINT(1), `token` VARCHAR(255), `creatTime` DATETIME NOT NULL, `updateTime` DATETIME NOT NULL, `deleteTime` DATETIME, PRIMARY KEY (`id`)) ENGINE=InnoDB;

sql [2021-11-09 22:21:29] [INFO]: Executing (default): SHOW FULL COLUMNS FROM `Admins`;

sql [2021-11-09 22:21:29] [INFO]: Executing (default): SELECT CONSTRAINT_NAME as constraint_name,CONSTRAINT_NAME as constraintName,CONSTRAINT_SCHEMA as constraintSchema,CONSTRAINT_SCHEMA as constraintCatalog,TABLE_NAME as tableName,TABLE_SCHEMA as tableSchema,TABLE_SCHEMA as tableCatalog,COLUMN_NAME as columnName,REFERENCED_TABLE_SCHEMA as referencedTableSchema,REFERENCED_TABLE_SCHEMA as referencedTableCatalog,REFERENCED_TABLE_NAME as referencedTableName,REFERENCED_COLUMN_NAME as referencedColumnName FROM INFORMATION_SCHEMA.KEY_COLUMN_USAGE where TABLE_NAME = 'Admins' AND CONSTRAINT_NAME!='PRIMARY' AND CONSTRAINT_SCHEMA='blogWind' AND REFERENCED_TABLE_NAME IS NOT NULL;

sql [2021-11-09 22:21:29] [INFO]: Executing (default): ALTER TABLE `Admins` CHANGE `loginAccount` `loginAccount` VARCHAR(255) NOT NULL;

sql [2021-11-09 22:21:29] [INFO]: Executing (default): ALTER TABLE `Admins` CHANGE `loginPwd` `loginPwd` VARCHAR(255) NOT NULL;

sql [2021-11-09 22:21:29] [INFO]: Executing (default): ALTER TABLE `Admins` CHANGE `avator` `avator` VARCHAR(255);

sql [2021-11-09 22:21:29] [INFO]: Executing (default): ALTER TABLE `Admins` CHANGE `nickName` `nickName` VARCHAR(255);

sql [2021-11-09 22:21:29] [INFO]: Executing (default): ALTER TABLE `Admins` CHANGE `sex` `sex` TINYINT(1);

sql [2021-11-09 22:21:30] [INFO]: Executing (default): ALTER TABLE `Admins` CHANGE `token` `token` VARCHAR(255);

sql [2021-11-09 22:21:30] [INFO]: Executing (default): ALTER TABLE `Admins` CHANGE `creatTime` `creatTime` DATETIME NOT NULL;

sql [2021-11-09 22:21:31] [INFO]: Executing (default): ALTER TABLE `Admins` CHANGE `updateTime` `updateTime` DATETIME NOT NULL;

sql [2021-11-09 22:21:31] [INFO]: Executing (default): ALTER TABLE `Admins` CHANGE `deleteTime` `deleteTime` DATETIME;

sql [2021-11-09 22:21:31] [INFO]: Executing (default): SHOW INDEX FROM `Admins`

sql [2021-11-09 22:22:04] [INFO]: Executing (default): CREATE TABLE IF NOT EXISTS `Admins` (`id` INTEGER NOT NULL auto_increment , `loginAccount` VARCHAR(255) NOT NULL, `loginPwd` VARCHAR(255) NOT NULL, `avator` VARCHAR(255), `nickName` VARCHAR(255), `sex` TINYINT(1), `token` VARCHAR(255), `creatTime` DATETIME NOT NULL, `updateTime` DATETIME NOT NULL, `deleteTime` DATETIME, PRIMARY KEY (`id`)) ENGINE=InnoDB;

sql [2021-11-09 22:22:04] [INFO]: Executing (default): SHOW FULL COLUMNS FROM `Admins`;

sql [2021-11-09 22:22:04] [INFO]: Executing (default): SELECT CONSTRAINT_NAME as constraint_name,CONSTRAINT_NAME as constraintName,CONSTRAINT_SCHEMA as constraintSchema,CONSTRAINT_SCHEMA as constraintCatalog,TABLE_NAME as tableName,TABLE_SCHEMA as tableSchema,TABLE_SCHEMA as tableCatalog,COLUMN_NAME as columnName,REFERENCED_TABLE_SCHEMA as referencedTableSchema,REFERENCED_TABLE_SCHEMA as referencedTableCatalog,REFERENCED_TABLE_NAME as referencedTableName,REFERENCED_COLUMN_NAME as referencedColumnName FROM INFORMATION_SCHEMA.KEY_COLUMN_USAGE where TABLE_NAME = 'Admins' AND CONSTRAINT_NAME!='PRIMARY' AND CONSTRAINT_SCHEMA='blogWind' AND REFERENCED_TABLE_NAME IS NOT NULL;

sql [2021-11-09 22:22:04] [INFO]: Executing (default): ALTER TABLE `Admins` CHANGE `loginAccount` `loginAccount` VARCHAR(255) NOT NULL;

sql [2021-11-09 22:22:04] [INFO]: Executing (default): ALTER TABLE `Admins` CHANGE `loginPwd` `loginPwd` VARCHAR(255) NOT NULL;

sql [2021-11-09 22:22:04] [INFO]: Executing (default): ALTER TABLE `Admins` CHANGE `avator` `avator` VARCHAR(255);

sql [2021-11-09 22:22:05] [INFO]: Executing (default): ALTER TABLE `Admins` CHANGE `nickName` `nickName` VARCHAR(255);

sql [2021-11-09 22:22:05] [INFO]: Executing (default): ALTER TABLE `Admins` CHANGE `sex` `sex` TINYINT(1);

sql [2021-11-09 22:22:05] [INFO]: Executing (default): ALTER TABLE `Admins` CHANGE `token` `token` VARCHAR(255);

sql [2021-11-09 22:22:05] [INFO]: Executing (default): ALTER TABLE `Admins` CHANGE `creatTime` `creatTime` DATETIME NOT NULL;

sql [2021-11-09 22:22:06] [INFO]: Executing (default): ALTER TABLE `Admins` CHANGE `updateTime` `updateTime` DATETIME NOT NULL;

sql [2021-11-09 22:22:06] [INFO]: Executing (default): ALTER TABLE `Admins` CHANGE `deleteTime` `deleteTime` DATETIME;

sql [2021-11-09 22:22:06] [INFO]: Executing (default): SHOW INDEX FROM `Admins`

sql [2021-11-09 22:23:47] [INFO]: Executing (default): CREATE TABLE IF NOT EXISTS `Admins` (`id` INTEGER NOT NULL auto_increment , `loginAccount` VARCHAR(255) NOT NULL, `loginPwd` VARCHAR(255) NOT NULL, `avator` VARCHAR(255), `nickName` VARCHAR(255), `sex` TINYINT(1), `token` VARCHAR(255), `creatTime` DATETIME NOT NULL, `updateTime` DATETIME NOT NULL, `deleteTime` DATETIME, PRIMARY KEY (`id`)) ENGINE=InnoDB;

sql [2021-11-09 22:23:47] [INFO]: Executing (default): SHOW FULL COLUMNS FROM `Admins`;

sql [2021-11-09 22:23:47] [INFO]: Executing (default): SELECT CONSTRAINT_NAME as constraint_name,CONSTRAINT_NAME as constraintName,CONSTRAINT_SCHEMA as constraintSchema,CONSTRAINT_SCHEMA as constraintCatalog,TABLE_NAME as tableName,TABLE_SCHEMA as tableSchema,TABLE_SCHEMA as tableCatalog,COLUMN_NAME as columnName,REFERENCED_TABLE_SCHEMA as referencedTableSchema,REFERENCED_TABLE_SCHEMA as referencedTableCatalog,REFERENCED_TABLE_NAME as referencedTableName,REFERENCED_COLUMN_NAME as referencedColumnName FROM INFORMATION_SCHEMA.KEY_COLUMN_USAGE where TABLE_NAME = 'Admins' AND CONSTRAINT_NAME!='PRIMARY' AND CONSTRAINT_SCHEMA='blogWind' AND REFERENCED_TABLE_NAME IS NOT NULL;

sql [2021-11-09 22:23:47] [INFO]: Executing (default): ALTER TABLE `Admins` CHANGE `loginAccount` `loginAccount` VARCHAR(255) NOT NULL;

sql [2021-11-09 22:23:47] [INFO]: Executing (default): ALTER TABLE `Admins` CHANGE `loginPwd` `loginPwd` VARCHAR(255) NOT NULL;

sql [2021-11-09 22:23:48] [INFO]: Executing (default): ALTER TABLE `Admins` CHANGE `avator` `avator` VARCHAR(255);

sql [2021-11-09 22:23:48] [INFO]: Executing (default): ALTER TABLE `Admins` CHANGE `nickName` `nickName` VARCHAR(255);

sql [2021-11-09 22:23:48] [INFO]: Executing (default): ALTER TABLE `Admins` CHANGE `sex` `sex` TINYINT(1);

sql [2021-11-09 22:23:48] [INFO]: Executing (default): ALTER TABLE `Admins` CHANGE `token` `token` VARCHAR(255);

sql [2021-11-09 22:23:48] [INFO]: Executing (default): ALTER TABLE `Admins` CHANGE `creatTime` `creatTime` DATETIME NOT NULL;

sql [2021-11-09 22:23:48] [INFO]: Executing (default): ALTER TABLE `Admins` CHANGE `updateTime` `updateTime` DATETIME NOT NULL;

sql [2021-11-09 22:23:49] [INFO]: Executing (default): ALTER TABLE `Admins` CHANGE `deleteTime` `deleteTime` DATETIME;

sql [2021-11-09 22:23:49] [INFO]: Executing (default): SHOW INDEX FROM `Admins`

sql [2021-11-09 22:28:22] [INFO]: Executing (default): CREATE TABLE IF NOT EXISTS `Admins` (`id` INTEGER NOT NULL auto_increment , `loginAccount` VARCHAR(255) NOT NULL, `loginPwd` VARCHAR(255) NOT NULL, `avator` VARCHAR(255), `nickName` VARCHAR(255), `sex` TINYINT(1), `token` VARCHAR(255), `creatTime` DATETIME NOT NULL, `updateTime` DATETIME NOT NULL, `deleteTime` DATETIME, PRIMARY KEY (`id`)) ENGINE=InnoDB;

sql [2021-11-09 22:28:22] [INFO]: Executing (default): SHOW FULL COLUMNS FROM `Admins`;

sql [2021-11-09 22:28:22] [INFO]: Executing (default): SELECT CONSTRAINT_NAME as constraint_name,CONSTRAINT_NAME as constraintName,CONSTRAINT_SCHEMA as constraintSchema,CONSTRAINT_SCHEMA as constraintCatalog,TABLE_NAME as tableName,TABLE_SCHEMA as tableSchema,TABLE_SCHEMA as tableCatalog,COLUMN_NAME as columnName,REFERENCED_TABLE_SCHEMA as referencedTableSchema,REFERENCED_TABLE_SCHEMA as referencedTableCatalog,REFERENCED_TABLE_NAME as referencedTableName,REFERENCED_COLUMN_NAME as referencedColumnName FROM INFORMATION_SCHEMA.KEY_COLUMN_USAGE where TABLE_NAME = 'Admins' AND CONSTRAINT_NAME!='PRIMARY' AND CONSTRAINT_SCHEMA='blogWind' AND REFERENCED_TABLE_NAME IS NOT NULL;

sql [2021-11-09 22:28:22] [INFO]: Executing (default): ALTER TABLE `Admins` CHANGE `loginAccount` `loginAccount` VARCHAR(255) NOT NULL;

sql [2021-11-09 22:28:22] [INFO]: Executing (default): ALTER TABLE `Admins` CHANGE `loginPwd` `loginPwd` VARCHAR(255) NOT NULL;

sql [2021-11-09 22:28:22] [INFO]: Executing (default): ALTER TABLE `Admins` CHANGE `avator` `avator` VARCHAR(255);

sql [2021-11-09 22:28:22] [INFO]: Executing (default): ALTER TABLE `Admins` CHANGE `nickName` `nickName` VARCHAR(255);

sql [2021-11-09 22:28:22] [INFO]: Executing (default): ALTER TABLE `Admins` CHANGE `sex` `sex` TINYINT(1);

sql [2021-11-09 22:28:22] [INFO]: Executing (default): ALTER TABLE `Admins` CHANGE `token` `token` VARCHAR(255);

sql [2021-11-09 22:28:23] [INFO]: Executing (default): ALTER TABLE `Admins` CHANGE `creatTime` `creatTime` DATETIME NOT NULL;

sql [2021-11-09 22:28:24] [INFO]: Executing (default): ALTER TABLE `Admins` CHANGE `updateTime` `updateTime` DATETIME NOT NULL;

sql [2021-11-09 22:28:24] [INFO]: Executing (default): ALTER TABLE `Admins` CHANGE `deleteTime` `deleteTime` DATETIME;

sql [2021-11-09 22:28:24] [INFO]: Executing (default): SHOW INDEX FROM `Admins`

sql [2021-11-09 22:28:26] [INFO]: Executing (default): INSERT INTO `Admins` (`id`,`loginAccount`,`loginPwd`,`creatTime`,`updateTime`) VALUES (DEFAULT,?,?,?,?);

sql [2021-11-09 22:29:30] [INFO]: Executing (default): CREATE TABLE IF NOT EXISTS `Admins` (`id` INTEGER NOT NULL auto_increment , `loginAccount` VARCHAR(255) NOT NULL, `loginPwd` VARCHAR(255) NOT NULL, `avator` VARCHAR(255), `nickName` VARCHAR(255), `sex` TINYINT(1), `token` VARCHAR(255), `creatTime` DATETIME NOT NULL, `updateTime` DATETIME NOT NULL, `deleteTime` DATETIME, PRIMARY KEY (`id`)) ENGINE=InnoDB;

sql [2021-11-09 22:29:31] [INFO]: Executing (default): SHOW FULL COLUMNS FROM `Admins`;

sql [2021-11-09 22:29:31] [INFO]: Executing (default): SELECT CONSTRAINT_NAME as constraint_name,CONSTRAINT_NAME as constraintName,CONSTRAINT_SCHEMA as constraintSchema,CONSTRAINT_SCHEMA as constraintCatalog,TABLE_NAME as tableName,TABLE_SCHEMA as tableSchema,TABLE_SCHEMA as tableCatalog,COLUMN_NAME as columnName,REFERENCED_TABLE_SCHEMA as referencedTableSchema,REFERENCED_TABLE_SCHEMA as referencedTableCatalog,REFERENCED_TABLE_NAME as referencedTableName,REFERENCED_COLUMN_NAME as referencedColumnName FROM INFORMATION_SCHEMA.KEY_COLUMN_USAGE where TABLE_NAME = 'Admins' AND CONSTRAINT_NAME!='PRIMARY' AND CONSTRAINT_SCHEMA='blogWind' AND REFERENCED_TABLE_NAME IS NOT NULL;

sql [2021-11-09 22:29:31] [INFO]: Executing (default): ALTER TABLE `Admins` CHANGE `loginAccount` `loginAccount` VARCHAR(255) NOT NULL;

sql [2021-11-09 22:29:31] [INFO]: Executing (default): ALTER TABLE `Admins` CHANGE `loginPwd` `loginPwd` VARCHAR(255) NOT NULL;

sql [2021-11-09 22:29:31] [INFO]: Executing (default): ALTER TABLE `Admins` CHANGE `avator` `avator` VARCHAR(255);

sql [2021-11-09 22:29:31] [INFO]: Executing (default): ALTER TABLE `Admins` CHANGE `nickName` `nickName` VARCHAR(255);

sql [2021-11-09 22:29:31] [INFO]: Executing (default): ALTER TABLE `Admins` CHANGE `sex` `sex` TINYINT(1);

sql [2021-11-09 22:29:31] [INFO]: Executing (default): ALTER TABLE `Admins` CHANGE `token` `token` VARCHAR(255);

sql [2021-11-09 22:29:32] [INFO]: Executing (default): ALTER TABLE `Admins` CHANGE `creatTime` `creatTime` DATETIME NOT NULL;

sql [2021-11-09 22:29:32] [INFO]: Executing (default): ALTER TABLE `Admins` CHANGE `updateTime` `updateTime` DATETIME NOT NULL;

sql [2021-11-09 22:29:32] [INFO]: Executing (default): ALTER TABLE `Admins` CHANGE `deleteTime` `deleteTime` DATETIME;

sql [2021-11-09 22:29:33] [INFO]: Executing (default): SHOW INDEX FROM `Admins`

sql [2021-11-09 22:30:42] [INFO]: Executing (default): CREATE TABLE IF NOT EXISTS `Admins` (`id` INTEGER NOT NULL auto_increment , `loginAccount` VARCHAR(255) NOT NULL, `loginPwd` VARCHAR(255) NOT NULL, `avator` VARCHAR(255), `nickName` VARCHAR(255), `sex` TINYINT(1), `token` VARCHAR(255), `creatTime` DATETIME NOT NULL, `updateTime` DATETIME NOT NULL, `deleteTime` DATETIME, PRIMARY KEY (`id`)) ENGINE=InnoDB;

sql [2021-11-09 22:30:42] [INFO]: Executing (default): SHOW FULL COLUMNS FROM `Admins`;

sql [2021-11-09 22:30:42] [INFO]: Executing (default): SELECT CONSTRAINT_NAME as constraint_name,CONSTRAINT_NAME as constraintName,CONSTRAINT_SCHEMA as constraintSchema,CONSTRAINT_SCHEMA as constraintCatalog,TABLE_NAME as tableName,TABLE_SCHEMA as tableSchema,TABLE_SCHEMA as tableCatalog,COLUMN_NAME as columnName,REFERENCED_TABLE_SCHEMA as referencedTableSchema,REFERENCED_TABLE_SCHEMA as referencedTableCatalog,REFERENCED_TABLE_NAME as referencedTableName,REFERENCED_COLUMN_NAME as referencedColumnName FROM INFORMATION_SCHEMA.KEY_COLUMN_USAGE where TABLE_NAME = 'Admins' AND CONSTRAINT_NAME!='PRIMARY' AND CONSTRAINT_SCHEMA='blogWind' AND REFERENCED_TABLE_NAME IS NOT NULL;

sql [2021-11-09 22:30:42] [INFO]: Executing (default): ALTER TABLE `Admins` CHANGE `loginAccount` `loginAccount` VARCHAR(255) NOT NULL;

sql [2021-11-09 22:30:42] [INFO]: Executing (default): ALTER TABLE `Admins` CHANGE `loginPwd` `loginPwd` VARCHAR(255) NOT NULL;

sql [2021-11-09 22:30:42] [INFO]: Executing (default): ALTER TABLE `Admins` CHANGE `avator` `avator` VARCHAR(255);

sql [2021-11-09 22:30:42] [INFO]: Executing (default): ALTER TABLE `Admins` CHANGE `nickName` `nickName` VARCHAR(255);

sql [2021-11-09 22:30:42] [INFO]: Executing (default): ALTER TABLE `Admins` CHANGE `sex` `sex` TINYINT(1);

sql [2021-11-09 22:30:43] [INFO]: Executing (default): ALTER TABLE `Admins` CHANGE `token` `token` VARCHAR(255);

sql [2021-11-09 22:30:43] [INFO]: Executing (default): ALTER TABLE `Admins` CHANGE `creatTime` `creatTime` DATETIME NOT NULL;

sql [2021-11-09 22:30:43] [INFO]: Executing (default): ALTER TABLE `Admins` CHANGE `updateTime` `updateTime` DATETIME NOT NULL;

sql [2021-11-09 22:30:43] [INFO]: Executing (default): ALTER TABLE `Admins` CHANGE `deleteTime` `deleteTime` DATETIME;

sql [2021-11-09 22:30:43] [INFO]: Executing (default): SHOW INDEX FROM `Admins`

sql [2021-11-09 22:30:57] [INFO]: Executing (default): INSERT INTO `Admins` (`id`,`loginAccount`,`loginPwd`,`creatTime`,`updateTime`) VALUES (DEFAULT,?,?,?,?);

sql [2021-11-09 22:31:47] [INFO]: Executing (default): CREATE TABLE IF NOT EXISTS `Admins` (`id` INTEGER NOT NULL auto_increment , `loginAccount` VARCHAR(255) NOT NULL, `loginPwd` VARCHAR(255) NOT NULL, `avator` VARCHAR(255), `nickName` VARCHAR(255), `sex` TINYINT(1), `token` VARCHAR(255), `creatTime` DATETIME NOT NULL, `updateTime` DATETIME NOT NULL, `deleteTime` DATETIME, PRIMARY KEY (`id`)) ENGINE=InnoDB;

sql [2021-11-09 22:31:47] [INFO]: Executing (default): SHOW FULL COLUMNS FROM `Admins`;

sql [2021-11-09 22:31:47] [INFO]: Executing (default): SELECT CONSTRAINT_NAME as constraint_name,CONSTRAINT_NAME as constraintName,CONSTRAINT_SCHEMA as constraintSchema,CONSTRAINT_SCHEMA as constraintCatalog,TABLE_NAME as tableName,TABLE_SCHEMA as tableSchema,TABLE_SCHEMA as tableCatalog,COLUMN_NAME as columnName,REFERENCED_TABLE_SCHEMA as referencedTableSchema,REFERENCED_TABLE_SCHEMA as referencedTableCatalog,REFERENCED_TABLE_NAME as referencedTableName,REFERENCED_COLUMN_NAME as referencedColumnName FROM INFORMATION_SCHEMA.KEY_COLUMN_USAGE where TABLE_NAME = 'Admins' AND CONSTRAINT_NAME!='PRIMARY' AND CONSTRAINT_SCHEMA='blogWind' AND REFERENCED_TABLE_NAME IS NOT NULL;

sql [2021-11-09 22:31:47] [INFO]: Executing (default): ALTER TABLE `Admins` CHANGE `loginAccount` `loginAccount` VARCHAR(255) NOT NULL;

sql [2021-11-09 22:31:48] [INFO]: Executing (default): ALTER TABLE `Admins` CHANGE `loginPwd` `loginPwd` VARCHAR(255) NOT NULL;

sql [2021-11-09 22:31:48] [INFO]: Executing (default): ALTER TABLE `Admins` CHANGE `avator` `avator` VARCHAR(255);

sql [2021-11-09 22:31:48] [INFO]: Executing (default): ALTER TABLE `Admins` CHANGE `nickName` `nickName` VARCHAR(255);

sql [2021-11-09 22:31:48] [INFO]: Executing (default): ALTER TABLE `Admins` CHANGE `sex` `sex` TINYINT(1);

sql [2021-11-09 22:31:49] [INFO]: Executing (default): ALTER TABLE `Admins` CHANGE `token` `token` VARCHAR(255);

sql [2021-11-09 22:31:49] [INFO]: Executing (default): ALTER TABLE `Admins` CHANGE `creatTime` `creatTime` DATETIME NOT NULL;

sql [2021-11-09 22:31:49] [INFO]: Executing (default): ALTER TABLE `Admins` CHANGE `updateTime` `updateTime` DATETIME NOT NULL;

sql [2021-11-09 22:31:49] [INFO]: Executing (default): ALTER TABLE `Admins` CHANGE `deleteTime` `deleteTime` DATETIME;

sql [2021-11-09 22:31:49] [INFO]: Executing (default): SHOW INDEX FROM `Admins`

sql [2021-11-09 22:58:51] [INFO]: Executing (default): CREATE TABLE IF NOT EXISTS `Admins` (`id` INTEGER NOT NULL auto_increment , `loginAccount` VARCHAR(255) NOT NULL, `loginPwd` VARCHAR(255) NOT NULL, `avator` VARCHAR(255), `nickName` VARCHAR(255), `sex` TINYINT(1), `token` VARCHAR(255), `creatTime` DATETIME NOT NULL, `updateTime` DATETIME NOT NULL, `deleteTime` DATETIME, PRIMARY KEY (`id`)) ENGINE=InnoDB;

sql [2021-11-09 22:58:51] [INFO]: Executing (default): SHOW FULL COLUMNS FROM `Admins`;

sql [2021-11-09 22:58:51] [INFO]: Executing (default): SELECT CONSTRAINT_NAME as constraint_name,CONSTRAINT_NAME as constraintName,CONSTRAINT_SCHEMA as constraintSchema,CONSTRAINT_SCHEMA as constraintCatalog,TABLE_NAME as tableName,TABLE_SCHEMA as tableSchema,TABLE_SCHEMA as tableCatalog,COLUMN_NAME as columnName,REFERENCED_TABLE_SCHEMA as referencedTableSchema,REFERENCED_TABLE_SCHEMA as referencedTableCatalog,REFERENCED_TABLE_NAME as referencedTableName,REFERENCED_COLUMN_NAME as referencedColumnName FROM INFORMATION_SCHEMA.KEY_COLUMN_USAGE where TABLE_NAME = 'Admins' AND CONSTRAINT_NAME!='PRIMARY' AND CONSTRAINT_SCHEMA='blogWind' AND REFERENCED_TABLE_NAME IS NOT NULL;

sql [2021-11-09 22:58:51] [INFO]: Executing (default): ALTER TABLE `Admins` CHANGE `loginAccount` `loginAccount` VARCHAR(255) NOT NULL;

sql [2021-11-09 22:58:51] [INFO]: Executing (default): ALTER TABLE `Admins` CHANGE `loginPwd` `loginPwd` VARCHAR(255) NOT NULL;

sql [2021-11-09 22:58:52] [INFO]: Executing (default): ALTER TABLE `Admins` CHANGE `avator` `avator` VARCHAR(255);

sql [2021-11-09 22:58:52] [INFO]: Executing (default): ALTER TABLE `Admins` CHANGE `nickName` `nickName` VARCHAR(255);

sql [2021-11-09 22:58:52] [INFO]: Executing (default): ALTER TABLE `Admins` CHANGE `sex` `sex` TINYINT(1);

sql [2021-11-09 22:58:53] [INFO]: Executing (default): ALTER TABLE `Admins` CHANGE `token` `token` VARCHAR(255);

sql [2021-11-09 22:58:53] [INFO]: Executing (default): ALTER TABLE `Admins` CHANGE `creatTime` `creatTime` DATETIME NOT NULL;

sql [2021-11-09 22:58:53] [INFO]: Executing (default): ALTER TABLE `Admins` CHANGE `updateTime` `updateTime` DATETIME NOT NULL;

sql [2021-11-09 22:58:53] [INFO]: Executing (default): ALTER TABLE `Admins` CHANGE `deleteTime` `deleteTime` DATETIME;

sql [2021-11-09 22:58:53] [INFO]: Executing (default): SHOW INDEX FROM `Admins`

sql [2021-11-09 22:59:09] [INFO]: Executing (default): CREATE TABLE IF NOT EXISTS `Admins` (`id` INTEGER NOT NULL auto_increment , `loginAccount` VARCHAR(255) NOT NULL, `loginPwd` VARCHAR(255) NOT NULL, `avator` VARCHAR(255), `nickName` VARCHAR(255), `sex` TINYINT(1), `token` VARCHAR(255), `creatTime` DATETIME NOT NULL, `updateTime` DATETIME NOT NULL, `deleteTime` DATETIME, PRIMARY KEY (`id`)) ENGINE=InnoDB;

sql [2021-11-09 22:59:09] [INFO]: Executing (default): SHOW FULL COLUMNS FROM `Admins`;

sql [2021-11-09 22:59:09] [INFO]: Executing (default): SELECT CONSTRAINT_NAME as constraint_name,CONSTRAINT_NAME as constraintName,CONSTRAINT_SCHEMA as constraintSchema,CONSTRAINT_SCHEMA as constraintCatalog,TABLE_NAME as tableName,TABLE_SCHEMA as tableSchema,TABLE_SCHEMA as tableCatalog,COLUMN_NAME as columnName,REFERENCED_TABLE_SCHEMA as referencedTableSchema,REFERENCED_TABLE_SCHEMA as referencedTableCatalog,REFERENCED_TABLE_NAME as referencedTableName,REFERENCED_COLUMN_NAME as referencedColumnName FROM INFORMATION_SCHEMA.KEY_COLUMN_USAGE where TABLE_NAME = 'Admins' AND CONSTRAINT_NAME!='PRIMARY' AND CONSTRAINT_SCHEMA='blogWind' AND REFERENCED_TABLE_NAME IS NOT NULL;

sql [2021-11-09 22:59:09] [INFO]: Executing (default): ALTER TABLE `Admins` CHANGE `loginAccount` `loginAccount` VARCHAR(255) NOT NULL;

sql [2021-11-09 22:59:10] [INFO]: Executing (default): ALTER TABLE `Admins` CHANGE `loginPwd` `loginPwd` VARCHAR(255) NOT NULL;

sql [2021-11-09 22:59:10] [INFO]: Executing (default): ALTER TABLE `Admins` CHANGE `avator` `avator` VARCHAR(255);

sql [2021-11-09 22:59:10] [INFO]: Executing (default): ALTER TABLE `Admins` CHANGE `nickName` `nickName` VARCHAR(255);

sql [2021-11-09 22:59:10] [INFO]: Executing (default): ALTER TABLE `Admins` CHANGE `sex` `sex` TINYINT(1);

sql [2021-11-09 22:59:10] [INFO]: Executing (default): ALTER TABLE `Admins` CHANGE `token` `token` VARCHAR(255);

sql [2021-11-09 22:59:10] [INFO]: Executing (default): ALTER TABLE `Admins` CHANGE `creatTime` `creatTime` DATETIME NOT NULL;

sql [2021-11-09 22:59:10] [INFO]: Executing (default): ALTER TABLE `Admins` CHANGE `updateTime` `updateTime` DATETIME NOT NULL;

sql [2021-11-09 22:59:10] [INFO]: Executing (default): ALTER TABLE `Admins` CHANGE `deleteTime` `deleteTime` DATETIME;

sql [2021-11-09 22:59:10] [INFO]: Executing (default): SHOW INDEX FROM `Admins`

sql [2021-11-09 22:59:40] [INFO]: Executing (default): CREATE TABLE IF NOT EXISTS `Admins` (`id` INTEGER NOT NULL auto_increment , `loginAccount` VARCHAR(255) NOT NULL, `loginPwd` VARCHAR(255) NOT NULL, `avator` VARCHAR(255), `nickName` VARCHAR(255), `sex` TINYINT(1), `token` VARCHAR(255), `creatTime` DATETIME NOT NULL, `updateTime` DATETIME NOT NULL, `deleteTime` DATETIME, PRIMARY KEY (`id`)) ENGINE=InnoDB;

sql [2021-11-09 22:59:40] [INFO]: Executing (default): SHOW FULL COLUMNS FROM `Admins`;

sql [2021-11-09 22:59:40] [INFO]: Executing (default): SELECT CONSTRAINT_NAME as constraint_name,CONSTRAINT_NAME as constraintName,CONSTRAINT_SCHEMA as constraintSchema,CONSTRAINT_SCHEMA as constraintCatalog,TABLE_NAME as tableName,TABLE_SCHEMA as tableSchema,TABLE_SCHEMA as tableCatalog,COLUMN_NAME as columnName,REFERENCED_TABLE_SCHEMA as referencedTableSchema,REFERENCED_TABLE_SCHEMA as referencedTableCatalog,REFERENCED_TABLE_NAME as referencedTableName,REFERENCED_COLUMN_NAME as referencedColumnName FROM INFORMATION_SCHEMA.KEY_COLUMN_USAGE where TABLE_NAME = 'Admins' AND CONSTRAINT_NAME!='PRIMARY' AND CONSTRAINT_SCHEMA='blogWind' AND REFERENCED_TABLE_NAME IS NOT NULL;

sql [2021-11-09 22:59:40] [INFO]: Executing (default): ALTER TABLE `Admins` CHANGE `loginAccount` `loginAccount` VARCHAR(255) NOT NULL;

sql [2021-11-09 22:59:40] [INFO]: Executing (default): ALTER TABLE `Admins` CHANGE `loginPwd` `loginPwd` VARCHAR(255) NOT NULL;

sql [2021-11-09 22:59:40] [INFO]: Executing (default): ALTER TABLE `Admins` CHANGE `avator` `avator` VARCHAR(255);

sql [2021-11-09 22:59:41] [INFO]: Executing (default): ALTER TABLE `Admins` CHANGE `nickName` `nickName` VARCHAR(255);

sql [2021-11-09 22:59:41] [INFO]: Executing (default): ALTER TABLE `Admins` CHANGE `sex` `sex` TINYINT(1);

sql [2021-11-09 22:59:41] [INFO]: Executing (default): ALTER TABLE `Admins` CHANGE `token` `token` VARCHAR(255);

sql [2021-11-09 22:59:42] [INFO]: Executing (default): ALTER TABLE `Admins` CHANGE `creatTime` `creatTime` DATETIME NOT NULL;

sql [2021-11-09 22:59:42] [INFO]: Executing (default): ALTER TABLE `Admins` CHANGE `updateTime` `updateTime` DATETIME NOT NULL;

sql [2021-11-09 22:59:42] [INFO]: Executing (default): ALTER TABLE `Admins` CHANGE `deleteTime` `deleteTime` DATETIME;

sql [2021-11-09 22:59:42] [INFO]: Executing (default): SHOW INDEX FROM `Admins`

sql [2021-11-09 22:59:55] [INFO]: Executing (default): CREATE TABLE IF NOT EXISTS `Admins` (`id` INTEGER NOT NULL auto_increment , `loginAccount` VARCHAR(255) NOT NULL, `loginPwd` VARCHAR(255) NOT NULL, `avator` VARCHAR(255), `nickName` VARCHAR(255), `sex` TINYINT(1), `token` VARCHAR(255), `creatTime` DATETIME NOT NULL, `updateTime` DATETIME NOT NULL, `deleteTime` DATETIME, PRIMARY KEY (`id`)) ENGINE=InnoDB;

sql [2021-11-09 22:59:55] [INFO]: Executing (default): SHOW FULL COLUMNS FROM `Admins`;

sql [2021-11-09 22:59:55] [INFO]: Executing (default): SELECT CONSTRAINT_NAME as constraint_name,CONSTRAINT_NAME as constraintName,CONSTRAINT_SCHEMA as constraintSchema,CONSTRAINT_SCHEMA as constraintCatalog,TABLE_NAME as tableName,TABLE_SCHEMA as tableSchema,TABLE_SCHEMA as tableCatalog,COLUMN_NAME as columnName,REFERENCED_TABLE_SCHEMA as referencedTableSchema,REFERENCED_TABLE_SCHEMA as referencedTableCatalog,REFERENCED_TABLE_NAME as referencedTableName,REFERENCED_COLUMN_NAME as referencedColumnName FROM INFORMATION_SCHEMA.KEY_COLUMN_USAGE where TABLE_NAME = 'Admins' AND CONSTRAINT_NAME!='PRIMARY' AND CONSTRAINT_SCHEMA='blogWind' AND REFERENCED_TABLE_NAME IS NOT NULL;

sql [2021-11-09 22:59:55] [INFO]: Executing (default): ALTER TABLE `Admins` CHANGE `loginAccount` `loginAccount` VARCHAR(255) NOT NULL;

sql [2021-11-09 22:59:55] [INFO]: Executing (default): ALTER TABLE `Admins` CHANGE `loginPwd` `loginPwd` VARCHAR(255) NOT NULL;

sql [2021-11-09 22:59:55] [INFO]: Executing (default): ALTER TABLE `Admins` CHANGE `avator` `avator` VARCHAR(255);

sql [2021-11-09 22:59:56] [INFO]: Executing (default): ALTER TABLE `Admins` CHANGE `nickName` `nickName` VARCHAR(255);

sql [2021-11-09 22:59:56] [INFO]: Executing (default): ALTER TABLE `Admins` CHANGE `sex` `sex` TINYINT(1);

sql [2021-11-09 22:59:56] [INFO]: Executing (default): ALTER TABLE `Admins` CHANGE `token` `token` VARCHAR(255);

sql [2021-11-09 22:59:56] [INFO]: Executing (default): ALTER TABLE `Admins` CHANGE `creatTime` `creatTime` DATETIME NOT NULL;

sql [2021-11-09 22:59:56] [INFO]: Executing (default): ALTER TABLE `Admins` CHANGE `updateTime` `updateTime` DATETIME NOT NULL;

sql [2021-11-09 22:59:56] [INFO]: Executing (default): ALTER TABLE `Admins` CHANGE `deleteTime` `deleteTime` DATETIME;

sql [2021-11-09 22:59:56] [INFO]: Executing (default): SHOW INDEX FROM `Admins`

sql [2021-11-09 23:00:18] [INFO]: Executing (default): CREATE TABLE IF NOT EXISTS `Admins` (`id` INTEGER NOT NULL auto_increment , `loginAccount` VARCHAR(255) NOT NULL, `loginPwd` VARCHAR(255) NOT NULL, `avator` VARCHAR(255), `nickName` VARCHAR(255), `sex` TINYINT(1), `token` VARCHAR(255), `creatTime` DATETIME NOT NULL, `updateTime` DATETIME NOT NULL, `deleteTime` DATETIME, PRIMARY KEY (`id`)) ENGINE=InnoDB;

sql [2021-11-09 23:00:18] [INFO]: Executing (default): SHOW FULL COLUMNS FROM `Admins`;

sql [2021-11-09 23:00:18] [INFO]: Executing (default): SELECT CONSTRAINT_NAME as constraint_name,CONSTRAINT_NAME as constraintName,CONSTRAINT_SCHEMA as constraintSchema,CONSTRAINT_SCHEMA as constraintCatalog,TABLE_NAME as tableName,TABLE_SCHEMA as tableSchema,TABLE_SCHEMA as tableCatalog,COLUMN_NAME as columnName,REFERENCED_TABLE_SCHEMA as referencedTableSchema,REFERENCED_TABLE_SCHEMA as referencedTableCatalog,REFERENCED_TABLE_NAME as referencedTableName,REFERENCED_COLUMN_NAME as referencedColumnName FROM INFORMATION_SCHEMA.KEY_COLUMN_USAGE where TABLE_NAME = 'Admins' AND CONSTRAINT_NAME!='PRIMARY' AND CONSTRAINT_SCHEMA='blogWind' AND REFERENCED_TABLE_NAME IS NOT NULL;

sql [2021-11-09 23:00:18] [INFO]: Executing (default): ALTER TABLE `Admins` CHANGE `loginAccount` `loginAccount` VARCHAR(255) NOT NULL;

sql [2021-11-09 23:00:18] [INFO]: Executing (default): ALTER TABLE `Admins` CHANGE `loginPwd` `loginPwd` VARCHAR(255) NOT NULL;

sql [2021-11-09 23:00:18] [INFO]: Executing (default): ALTER TABLE `Admins` CHANGE `avator` `avator` VARCHAR(255);

sql [2021-11-09 23:00:19] [INFO]: Executing (default): ALTER TABLE `Admins` CHANGE `nickName` `nickName` VARCHAR(255);

sql [2021-11-09 23:00:19] [INFO]: Executing (default): ALTER TABLE `Admins` CHANGE `sex` `sex` TINYINT(1);

sql [2021-11-09 23:00:19] [INFO]: Executing (default): ALTER TABLE `Admins` CHANGE `token` `token` VARCHAR(255);

sql [2021-11-09 23:00:19] [INFO]: Executing (default): ALTER TABLE `Admins` CHANGE `creatTime` `creatTime` DATETIME NOT NULL;

sql [2021-11-09 23:00:19] [INFO]: Executing (default): ALTER TABLE `Admins` CHANGE `updateTime` `updateTime` DATETIME NOT NULL;

sql [2021-11-09 23:00:19] [INFO]: Executing (default): ALTER TABLE `Admins` CHANGE `deleteTime` `deleteTime` DATETIME;

sql [2021-11-09 23:00:19] [INFO]: Executing (default): SHOW INDEX FROM `Admins`

sql [2021-11-09 23:01:10] [INFO]: Executing (default): CREATE TABLE IF NOT EXISTS `Admins` (`id` INTEGER NOT NULL auto_increment , `loginAccount` VARCHAR(255) NOT NULL, `loginPwd` VARCHAR(255) NOT NULL, `avator` VARCHAR(255), `nickName` VARCHAR(255), `sex` TINYINT(1), `token` VARCHAR(255), `creatTime` DATETIME NOT NULL, `updateTime` DATETIME NOT NULL, `deleteTime` DATETIME, PRIMARY KEY (`id`)) ENGINE=InnoDB;

sql [2021-11-09 23:01:10] [INFO]: Executing (default): SHOW FULL COLUMNS FROM `Admins`;

sql [2021-11-09 23:01:10] [INFO]: Executing (default): SELECT CONSTRAINT_NAME as constraint_name,CONSTRAINT_NAME as constraintName,CONSTRAINT_SCHEMA as constraintSchema,CONSTRAINT_SCHEMA as constraintCatalog,TABLE_NAME as tableName,TABLE_SCHEMA as tableSchema,TABLE_SCHEMA as tableCatalog,COLUMN_NAME as columnName,REFERENCED_TABLE_SCHEMA as referencedTableSchema,REFERENCED_TABLE_SCHEMA as referencedTableCatalog,REFERENCED_TABLE_NAME as referencedTableName,REFERENCED_COLUMN_NAME as referencedColumnName FROM INFORMATION_SCHEMA.KEY_COLUMN_USAGE where TABLE_NAME = 'Admins' AND CONSTRAINT_NAME!='PRIMARY' AND CONSTRAINT_SCHEMA='blogWind' AND REFERENCED_TABLE_NAME IS NOT NULL;

sql [2021-11-09 23:01:10] [INFO]: Executing (default): ALTER TABLE `Admins` CHANGE `loginAccount` `loginAccount` VARCHAR(255) NOT NULL;

sql [2021-11-09 23:01:10] [INFO]: Executing (default): ALTER TABLE `Admins` CHANGE `loginPwd` `loginPwd` VARCHAR(255) NOT NULL;

sql [2021-11-09 23:01:10] [INFO]: Executing (default): ALTER TABLE `Admins` CHANGE `avator` `avator` VARCHAR(255);

sql [2021-11-09 23:01:10] [INFO]: Executing (default): ALTER TABLE `Admins` CHANGE `nickName` `nickName` VARCHAR(255);

sql [2021-11-09 23:01:11] [INFO]: Executing (default): ALTER TABLE `Admins` CHANGE `sex` `sex` TINYINT(1);

sql [2021-11-09 23:01:11] [INFO]: Executing (default): ALTER TABLE `Admins` CHANGE `token` `token` VARCHAR(255);

sql [2021-11-09 23:01:11] [INFO]: Executing (default): ALTER TABLE `Admins` CHANGE `creatTime` `creatTime` DATETIME NOT NULL;

sql [2021-11-09 23:01:11] [INFO]: Executing (default): ALTER TABLE `Admins` CHANGE `updateTime` `updateTime` DATETIME NOT NULL;

sql [2021-11-09 23:01:11] [INFO]: Executing (default): ALTER TABLE `Admins` CHANGE `deleteTime` `deleteTime` DATETIME;

sql [2021-11-09 23:01:12] [INFO]: Executing (default): SHOW INDEX FROM `Admins`

sql [2021-11-09 23:03:16] [INFO]: Executing (default): SELECT `loginAccount`, `avator`, `nickName`, `sex`, `token` FROM `Admins` AS `Admin` WHERE (`Admin`.`deleteTime` IS NULL AND (`Admin`.`loginAccount` = 'gufeng' AND `Admin`.`loginPwd` = 'e10adc3949ba59abbe56e057f20f883e')) LIMIT 1;

sql [2021-11-09 23:08:34] [INFO]: Executing (default): CREATE TABLE IF NOT EXISTS `Admins` (`id` INTEGER NOT NULL auto_increment , `loginAccount` VARCHAR(255) NOT NULL, `loginPwd` VARCHAR(255) NOT NULL, `avator` VARCHAR(255), `nickName` VARCHAR(255), `sex` TINYINT(1), `token` VARCHAR(255), `creatTime` DATETIME NOT NULL, `updateTime` DATETIME NOT NULL, `deleteTime` DATETIME, PRIMARY KEY (`id`)) ENGINE=InnoDB;

sql [2021-11-09 23:08:34] [INFO]: Executing (default): SHOW FULL COLUMNS FROM `Admins`;

sql [2021-11-09 23:08:34] [INFO]: Executing (default): SELECT CONSTRAINT_NAME as constraint_name,CONSTRAINT_NAME as constraintName,CONSTRAINT_SCHEMA as constraintSchema,CONSTRAINT_SCHEMA as constraintCatalog,TABLE_NAME as tableName,TABLE_SCHEMA as tableSchema,TABLE_SCHEMA as tableCatalog,COLUMN_NAME as columnName,REFERENCED_TABLE_SCHEMA as referencedTableSchema,REFERENCED_TABLE_SCHEMA as referencedTableCatalog,REFERENCED_TABLE_NAME as referencedTableName,REFERENCED_COLUMN_NAME as referencedColumnName FROM INFORMATION_SCHEMA.KEY_COLUMN_USAGE where TABLE_NAME = 'Admins' AND CONSTRAINT_NAME!='PRIMARY' AND CONSTRAINT_SCHEMA='blogWind' AND REFERENCED_TABLE_NAME IS NOT NULL;

sql [2021-11-09 23:08:34] [INFO]: Executing (default): ALTER TABLE `Admins` CHANGE `loginAccount` `loginAccount` VARCHAR(255) NOT NULL;

sql [2021-11-09 23:08:34] [INFO]: Executing (default): ALTER TABLE `Admins` CHANGE `loginPwd` `loginPwd` VARCHAR(255) NOT NULL;

sql [2021-11-09 23:08:35] [INFO]: Executing (default): ALTER TABLE `Admins` CHANGE `avator` `avator` VARCHAR(255);

sql [2021-11-09 23:08:36] [INFO]: Executing (default): ALTER TABLE `Admins` CHANGE `nickName` `nickName` VARCHAR(255);

sql [2021-11-09 23:08:36] [INFO]: Executing (default): ALTER TABLE `Admins` CHANGE `sex` `sex` TINYINT(1);

sql [2021-11-09 23:08:37] [INFO]: Executing (default): ALTER TABLE `Admins` CHANGE `token` `token` VARCHAR(255);

sql [2021-11-09 23:08:37] [INFO]: Executing (default): ALTER TABLE `Admins` CHANGE `creatTime` `creatTime` DATETIME NOT NULL;

sql [2021-11-09 23:08:37] [INFO]: Executing (default): ALTER TABLE `Admins` CHANGE `updateTime` `updateTime` DATETIME NOT NULL;

sql [2021-11-09 23:08:37] [INFO]: Executing (default): ALTER TABLE `Admins` CHANGE `deleteTime` `deleteTime` DATETIME;

sql [2021-11-09 23:08:38] [INFO]: Executing (default): SHOW INDEX FROM `Admins`

sql [2021-11-09 23:24:37] [INFO]: Executing (default): CREATE TABLE IF NOT EXISTS `Admins` (`id` INTEGER NOT NULL auto_increment , `loginAccount` VARCHAR(255) NOT NULL, `loginPwd` VARCHAR(255) NOT NULL, `avator` VARCHAR(255), `nickName` VARCHAR(255), `sex` TINYINT(1), `token` VARCHAR(255), `creatTime` DATETIME NOT NULL, `updateTime` DATETIME NOT NULL, `deleteTime` DATETIME, PRIMARY KEY (`id`)) ENGINE=InnoDB;

sql [2021-11-09 23:24:37] [INFO]: Executing (default): SHOW FULL COLUMNS FROM `Admins`;

sql [2021-11-09 23:24:37] [INFO]: Executing (default): SELECT CONSTRAINT_NAME as constraint_name,CONSTRAINT_NAME as constraintName,CONSTRAINT_SCHEMA as constraintSchema,CONSTRAINT_SCHEMA as constraintCatalog,TABLE_NAME as tableName,TABLE_SCHEMA as tableSchema,TABLE_SCHEMA as tableCatalog,COLUMN_NAME as columnName,REFERENCED_TABLE_SCHEMA as referencedTableSchema,REFERENCED_TABLE_SCHEMA as referencedTableCatalog,REFERENCED_TABLE_NAME as referencedTableName,REFERENCED_COLUMN_NAME as referencedColumnName FROM INFORMATION_SCHEMA.KEY_COLUMN_USAGE where TABLE_NAME = 'Admins' AND CONSTRAINT_NAME!='PRIMARY' AND CONSTRAINT_SCHEMA='blogWind' AND REFERENCED_TABLE_NAME IS NOT NULL;

sql [2021-11-09 23:24:37] [INFO]: Executing (default): ALTER TABLE `Admins` CHANGE `loginAccount` `loginAccount` VARCHAR(255) NOT NULL;

sql [2021-11-09 23:24:37] [INFO]: Executing (default): ALTER TABLE `Admins` CHANGE `loginPwd` `loginPwd` VARCHAR(255) NOT NULL;

sql [2021-11-09 23:24:37] [INFO]: Executing (default): ALTER TABLE `Admins` CHANGE `avator` `avator` VARCHAR(255);

sql [2021-11-09 23:24:37] [INFO]: Executing (default): ALTER TABLE `Admins` CHANGE `nickName` `nickName` VARCHAR(255);

sql [2021-11-09 23:24:37] [INFO]: Executing (default): ALTER TABLE `Admins` CHANGE `sex` `sex` TINYINT(1);

sql [2021-11-09 23:24:38] [INFO]: Executing (default): ALTER TABLE `Admins` CHANGE `token` `token` VARCHAR(255);

sql [2021-11-09 23:24:39] [INFO]: Executing (default): ALTER TABLE `Admins` CHANGE `creatTime` `creatTime` DATETIME NOT NULL;

sql [2021-11-09 23:24:40] [INFO]: Executing (default): ALTER TABLE `Admins` CHANGE `updateTime` `updateTime` DATETIME NOT NULL;

sql [2021-11-09 23:24:40] [INFO]: Executing (default): ALTER TABLE `Admins` CHANGE `deleteTime` `deleteTime` DATETIME;

sql [2021-11-09 23:24:40] [INFO]: Executing (default): SHOW INDEX FROM `Admins`

sql [2021-11-09 23:25:09] [INFO]: Executing (default): CREATE TABLE IF NOT EXISTS `Admins` (`id` INTEGER NOT NULL auto_increment , `loginAccount` VARCHAR(255) NOT NULL, `loginPwd` VARCHAR(255) NOT NULL, `avator` VARCHAR(255), `nickName` VARCHAR(255), `sex` TINYINT(1), `token` VARCHAR(255), `creatTime` DATETIME NOT NULL, `updateTime` DATETIME NOT NULL, `deleteTime` DATETIME, PRIMARY KEY (`id`)) ENGINE=InnoDB;

sql [2021-11-09 23:25:09] [INFO]: Executing (default): SHOW FULL COLUMNS FROM `Admins`;

sql [2021-11-09 23:25:09] [INFO]: Executing (default): SELECT CONSTRAINT_NAME as constraint_name,CONSTRAINT_NAME as constraintName,CONSTRAINT_SCHEMA as constraintSchema,CONSTRAINT_SCHEMA as constraintCatalog,TABLE_NAME as tableName,TABLE_SCHEMA as tableSchema,TABLE_SCHEMA as tableCatalog,COLUMN_NAME as columnName,REFERENCED_TABLE_SCHEMA as referencedTableSchema,REFERENCED_TABLE_SCHEMA as referencedTableCatalog,REFERENCED_TABLE_NAME as referencedTableName,REFERENCED_COLUMN_NAME as referencedColumnName FROM INFORMATION_SCHEMA.KEY_COLUMN_USAGE where TABLE_NAME = 'Admins' AND CONSTRAINT_NAME!='PRIMARY' AND CONSTRAINT_SCHEMA='blogWind' AND REFERENCED_TABLE_NAME IS NOT NULL;

sql [2021-11-09 23:25:09] [INFO]: Executing (default): ALTER TABLE `Admins` CHANGE `loginAccount` `loginAccount` VARCHAR(255) NOT NULL;

sql [2021-11-09 23:25:09] [INFO]: Executing (default): ALTER TABLE `Admins` CHANGE `loginPwd` `loginPwd` VARCHAR(255) NOT NULL;

sql [2021-11-09 23:25:09] [INFO]: Executing (default): ALTER TABLE `Admins` CHANGE `avator` `avator` VARCHAR(255);

sql [2021-11-09 23:25:09] [INFO]: Executing (default): ALTER TABLE `Admins` CHANGE `nickName` `nickName` VARCHAR(255);

sql [2021-11-09 23:25:09] [INFO]: Executing (default): ALTER TABLE `Admins` CHANGE `sex` `sex` TINYINT(1);

sql [2021-11-09 23:25:09] [INFO]: Executing (default): ALTER TABLE `Admins` CHANGE `token` `token` VARCHAR(255);

sql [2021-11-09 23:25:10] [INFO]: Executing (default): ALTER TABLE `Admins` CHANGE `creatTime` `creatTime` DATETIME NOT NULL;

sql [2021-11-09 23:25:10] [INFO]: Executing (default): ALTER TABLE `Admins` CHANGE `updateTime` `updateTime` DATETIME NOT NULL;

sql [2021-11-09 23:25:10] [INFO]: Executing (default): ALTER TABLE `Admins` CHANGE `deleteTime` `deleteTime` DATETIME;

sql [2021-11-09 23:25:10] [INFO]: Executing (default): SHOW INDEX FROM `Admins`

sql [2021-11-09 23:25:31] [INFO]: Executing (default): CREATE TABLE IF NOT EXISTS `Admins` (`id` INTEGER NOT NULL auto_increment , `loginAccount` VARCHAR(255) NOT NULL, `loginPwd` VARCHAR(255) NOT NULL, `avator` VARCHAR(255), `nickName` VARCHAR(255), `sex` TINYINT(1), `token` VARCHAR(255), `creatTime` DATETIME NOT NULL, `updateTime` DATETIME NOT NULL, `deleteTime` DATETIME, PRIMARY KEY (`id`)) ENGINE=InnoDB;

sql [2021-11-09 23:25:31] [INFO]: Executing (default): SHOW FULL COLUMNS FROM `Admins`;

sql [2021-11-09 23:25:31] [INFO]: Executing (default): SELECT CONSTRAINT_NAME as constraint_name,CONSTRAINT_NAME as constraintName,CONSTRAINT_SCHEMA as constraintSchema,CONSTRAINT_SCHEMA as constraintCatalog,TABLE_NAME as tableName,TABLE_SCHEMA as tableSchema,TABLE_SCHEMA as tableCatalog,COLUMN_NAME as columnName,REFERENCED_TABLE_SCHEMA as referencedTableSchema,REFERENCED_TABLE_SCHEMA as referencedTableCatalog,REFERENCED_TABLE_NAME as referencedTableName,REFERENCED_COLUMN_NAME as referencedColumnName FROM INFORMATION_SCHEMA.KEY_COLUMN_USAGE where TABLE_NAME = 'Admins' AND CONSTRAINT_NAME!='PRIMARY' AND CONSTRAINT_SCHEMA='blogWind' AND REFERENCED_TABLE_NAME IS NOT NULL;

sql [2021-11-09 23:25:31] [INFO]: Executing (default): ALTER TABLE `Admins` CHANGE `loginAccount` `loginAccount` VARCHAR(255) NOT NULL;

sql [2021-11-09 23:25:31] [INFO]: Executing (default): ALTER TABLE `Admins` CHANGE `loginPwd` `loginPwd` VARCHAR(255) NOT NULL;

sql [2021-11-09 23:25:31] [INFO]: Executing (default): ALTER TABLE `Admins` CHANGE `avator` `avator` VARCHAR(255);

sql [2021-11-09 23:25:31] [INFO]: Executing (default): ALTER TABLE `Admins` CHANGE `nickName` `nickName` VARCHAR(255);

sql [2021-11-09 23:25:31] [INFO]: Executing (default): ALTER TABLE `Admins` CHANGE `sex` `sex` TINYINT(1);

sql [2021-11-09 23:25:32] [INFO]: Executing (default): ALTER TABLE `Admins` CHANGE `token` `token` VARCHAR(255);

sql [2021-11-09 23:25:32] [INFO]: Executing (default): ALTER TABLE `Admins` CHANGE `creatTime` `creatTime` DATETIME NOT NULL;

sql [2021-11-09 23:25:33] [INFO]: Executing (default): ALTER TABLE `Admins` CHANGE `updateTime` `updateTime` DATETIME NOT NULL;

sql [2021-11-09 23:25:33] [INFO]: Executing (default): ALTER TABLE `Admins` CHANGE `deleteTime` `deleteTime` DATETIME;

sql [2021-11-09 23:25:33] [INFO]: Executing (default): SHOW INDEX FROM `Admins`

sql [2021-11-09 23:25:45] [INFO]: Executing (default): CREATE TABLE IF NOT EXISTS `Admins` (`id` INTEGER NOT NULL auto_increment , `loginAccount` VARCHAR(255) NOT NULL, `loginPwd` VARCHAR(255) NOT NULL, `avator` VARCHAR(255), `nickName` VARCHAR(255), `sex` TINYINT(1), `token` VARCHAR(255), `creatTime` DATETIME NOT NULL, `updateTime` DATETIME NOT NULL, `deleteTime` DATETIME, PRIMARY KEY (`id`)) ENGINE=InnoDB;

sql [2021-11-09 23:25:45] [INFO]: Executing (default): SHOW FULL COLUMNS FROM `Admins`;

sql [2021-11-09 23:25:45] [INFO]: Executing (default): SELECT CONSTRAINT_NAME as constraint_name,CONSTRAINT_NAME as constraintName,CONSTRAINT_SCHEMA as constraintSchema,CONSTRAINT_SCHEMA as constraintCatalog,TABLE_NAME as tableName,TABLE_SCHEMA as tableSchema,TABLE_SCHEMA as tableCatalog,COLUMN_NAME as columnName,REFERENCED_TABLE_SCHEMA as referencedTableSchema,REFERENCED_TABLE_SCHEMA as referencedTableCatalog,REFERENCED_TABLE_NAME as referencedTableName,REFERENCED_COLUMN_NAME as referencedColumnName FROM INFORMATION_SCHEMA.KEY_COLUMN_USAGE where TABLE_NAME = 'Admins' AND CONSTRAINT_NAME!='PRIMARY' AND CONSTRAINT_SCHEMA='blogWind' AND REFERENCED_TABLE_NAME IS NOT NULL;

sql [2021-11-09 23:25:45] [INFO]: Executing (default): ALTER TABLE `Admins` CHANGE `loginAccount` `loginAccount` VARCHAR(255) NOT NULL;

sql [2021-11-09 23:25:45] [INFO]: Executing (default): ALTER TABLE `Admins` CHANGE `loginPwd` `loginPwd` VARCHAR(255) NOT NULL;

sql [2021-11-09 23:25:45] [INFO]: Executing (default): ALTER TABLE `Admins` CHANGE `avator` `avator` VARCHAR(255);

sql [2021-11-09 23:25:45] [INFO]: Executing (default): ALTER TABLE `Admins` CHANGE `nickName` `nickName` VARCHAR(255);

sql [2021-11-09 23:25:46] [INFO]: Executing (default): ALTER TABLE `Admins` CHANGE `sex` `sex` TINYINT(1);

sql [2021-11-09 23:25:46] [INFO]: Executing (default): ALTER TABLE `Admins` CHANGE `token` `token` VARCHAR(255);

sql [2021-11-09 23:25:46] [INFO]: Executing (default): ALTER TABLE `Admins` CHANGE `creatTime` `creatTime` DATETIME NOT NULL;

sql [2021-11-09 23:25:46] [INFO]: Executing (default): ALTER TABLE `Admins` CHANGE `updateTime` `updateTime` DATETIME NOT NULL;

sql [2021-11-09 23:25:46] [INFO]: Executing (default): ALTER TABLE `Admins` CHANGE `deleteTime` `deleteTime` DATETIME;

sql [2021-11-09 23:25:47] [INFO]: Executing (default): SHOW INDEX FROM `Admins`

sql [2021-11-09 23:25:57] [INFO]: Executing (default): CREATE TABLE IF NOT EXISTS `Admins` (`id` INTEGER NOT NULL auto_increment , `loginAccount` VARCHAR(255) NOT NULL, `loginPwd` VARCHAR(255) NOT NULL, `avator` VARCHAR(255), `nickName` VARCHAR(255), `sex` TINYINT(1), `token` VARCHAR(255), `creatTime` DATETIME NOT NULL, `updateTime` DATETIME NOT NULL, `deleteTime` DATETIME, PRIMARY KEY (`id`)) ENGINE=InnoDB;

sql [2021-11-09 23:25:57] [INFO]: Executing (default): SHOW FULL COLUMNS FROM `Admins`;

sql [2021-11-09 23:25:57] [INFO]: Executing (default): SELECT CONSTRAINT_NAME as constraint_name,CONSTRAINT_NAME as constraintName,CONSTRAINT_SCHEMA as constraintSchema,CONSTRAINT_SCHEMA as constraintCatalog,TABLE_NAME as tableName,TABLE_SCHEMA as tableSchema,TABLE_SCHEMA as tableCatalog,COLUMN_NAME as columnName,REFERENCED_TABLE_SCHEMA as referencedTableSchema,REFERENCED_TABLE_SCHEMA as referencedTableCatalog,REFERENCED_TABLE_NAME as referencedTableName,REFERENCED_COLUMN_NAME as referencedColumnName FROM INFORMATION_SCHEMA.KEY_COLUMN_USAGE where TABLE_NAME = 'Admins' AND CONSTRAINT_NAME!='PRIMARY' AND CONSTRAINT_SCHEMA='blogWind' AND REFERENCED_TABLE_NAME IS NOT NULL;

sql [2021-11-09 23:25:57] [INFO]: Executing (default): ALTER TABLE `Admins` CHANGE `loginAccount` `loginAccount` VARCHAR(255) NOT NULL;

sql [2021-11-09 23:25:57] [INFO]: Executing (default): ALTER TABLE `Admins` CHANGE `loginPwd` `loginPwd` VARCHAR(255) NOT NULL;

sql [2021-11-09 23:25:57] [INFO]: Executing (default): ALTER TABLE `Admins` CHANGE `avator` `avator` VARCHAR(255);

sql [2021-11-09 23:25:57] [INFO]: Executing (default): ALTER TABLE `Admins` CHANGE `nickName` `nickName` VARCHAR(255);

sql [2021-11-09 23:25:59] [INFO]: Executing (default): ALTER TABLE `Admins` CHANGE `sex` `sex` TINYINT(1);

sql [2021-11-09 23:25:59] [INFO]: Executing (default): ALTER TABLE `Admins` CHANGE `token` `token` VARCHAR(255);

sql [2021-11-09 23:25:59] [INFO]: Executing (default): ALTER TABLE `Admins` CHANGE `creatTime` `creatTime` DATETIME NOT NULL;

sql [2021-11-09 23:25:59] [INFO]: Executing (default): ALTER TABLE `Admins` CHANGE `updateTime` `updateTime` DATETIME NOT NULL;

sql [2021-11-09 23:26:00] [INFO]: Executing (default): ALTER TABLE `Admins` CHANGE `deleteTime` `deleteTime` DATETIME;

sql [2021-11-09 23:26:00] [INFO]: Executing (default): SHOW INDEX FROM `Admins`

sql [2021-11-09 23:26:24] [INFO]: Executing (default): CREATE TABLE IF NOT EXISTS `Admins` (`id` INTEGER NOT NULL auto_increment , `loginAccount` VARCHAR(255) NOT NULL, `loginPwd` VARCHAR(255) NOT NULL, `avator` VARCHAR(255), `nickName` VARCHAR(255), `sex` TINYINT(1), `token` VARCHAR(255), `creatTime` DATETIME NOT NULL, `updateTime` DATETIME NOT NULL, `deleteTime` DATETIME, PRIMARY KEY (`id`)) ENGINE=InnoDB;

sql [2021-11-09 23:26:24] [INFO]: Executing (default): SHOW FULL COLUMNS FROM `Admins`;

sql [2021-11-09 23:26:24] [INFO]: Executing (default): SELECT CONSTRAINT_NAME as constraint_name,CONSTRAINT_NAME as constraintName,CONSTRAINT_SCHEMA as constraintSchema,CONSTRAINT_SCHEMA as constraintCatalog,TABLE_NAME as tableName,TABLE_SCHEMA as tableSchema,TABLE_SCHEMA as tableCatalog,COLUMN_NAME as columnName,REFERENCED_TABLE_SCHEMA as referencedTableSchema,REFERENCED_TABLE_SCHEMA as referencedTableCatalog,REFERENCED_TABLE_NAME as referencedTableName,REFERENCED_COLUMN_NAME as referencedColumnName FROM INFORMATION_SCHEMA.KEY_COLUMN_USAGE where TABLE_NAME = 'Admins' AND CONSTRAINT_NAME!='PRIMARY' AND CONSTRAINT_SCHEMA='blogWind' AND REFERENCED_TABLE_NAME IS NOT NULL;

sql [2021-11-09 23:26:24] [INFO]: Executing (default): ALTER TABLE `Admins` CHANGE `loginAccount` `loginAccount` VARCHAR(255) NOT NULL;

sql [2021-11-09 23:26:24] [INFO]: Executing (default): ALTER TABLE `Admins` CHANGE `loginPwd` `loginPwd` VARCHAR(255) NOT NULL;

sql [2021-11-09 23:26:25] [INFO]: Executing (default): ALTER TABLE `Admins` CHANGE `avator` `avator` VARCHAR(255);

sql [2021-11-09 23:26:25] [INFO]: Executing (default): ALTER TABLE `Admins` CHANGE `nickName` `nickName` VARCHAR(255);

sql [2021-11-09 23:26:26] [INFO]: Executing (default): ALTER TABLE `Admins` CHANGE `sex` `sex` TINYINT(1);

sql [2021-11-09 23:26:26] [INFO]: Executing (default): ALTER TABLE `Admins` CHANGE `token` `token` VARCHAR(255);

sql [2021-11-09 23:26:26] [INFO]: Executing (default): ALTER TABLE `Admins` CHANGE `creatTime` `creatTime` DATETIME NOT NULL;

sql [2021-11-09 23:26:27] [INFO]: Executing (default): ALTER TABLE `Admins` CHANGE `updateTime` `updateTime` DATETIME NOT NULL;

sql [2021-11-09 23:26:27] [INFO]: Executing (default): ALTER TABLE `Admins` CHANGE `deleteTime` `deleteTime` DATETIME;

sql [2021-11-09 23:26:27] [INFO]: Executing (default): SHOW INDEX FROM `Admins`

sql [2021-11-09 23:54:01] [INFO]: Executing (default): CREATE TABLE IF NOT EXISTS `Admins` (`id` INTEGER NOT NULL auto_increment , `loginAccount` VARCHAR(255) NOT NULL, `loginPwd` VARCHAR(255) NOT NULL, `avator` VARCHAR(255), `nickName` VARCHAR(255), `sex` TINYINT(1), `token` VARCHAR(255), `creatTime` DATETIME NOT NULL, `updateTime` DATETIME NOT NULL, `deleteTime` DATETIME, PRIMARY KEY (`id`)) ENGINE=InnoDB;

sql [2021-11-09 23:54:01] [INFO]: Executing (default): SHOW FULL COLUMNS FROM `Admins`;

sql [2021-11-09 23:54:01] [INFO]: Executing (default): SELECT CONSTRAINT_NAME as constraint_name,CONSTRAINT_NAME as constraintName,CONSTRAINT_SCHEMA as constraintSchema,CONSTRAINT_SCHEMA as constraintCatalog,TABLE_NAME as tableName,TABLE_SCHEMA as tableSchema,TABLE_SCHEMA as tableCatalog,COLUMN_NAME as columnName,REFERENCED_TABLE_SCHEMA as referencedTableSchema,REFERENCED_TABLE_SCHEMA as referencedTableCatalog,REFERENCED_TABLE_NAME as referencedTableName,REFERENCED_COLUMN_NAME as referencedColumnName FROM INFORMATION_SCHEMA.KEY_COLUMN_USAGE where TABLE_NAME = 'Admins' AND CONSTRAINT_NAME!='PRIMARY' AND CONSTRAINT_SCHEMA='blogWind' AND REFERENCED_TABLE_NAME IS NOT NULL;

sql [2021-11-09 23:54:01] [INFO]: Executing (default): ALTER TABLE `Admins` CHANGE `loginAccount` `loginAccount` VARCHAR(255) NOT NULL;

sql [2021-11-09 23:54:01] [INFO]: Executing (default): ALTER TABLE `Admins` CHANGE `loginPwd` `loginPwd` VARCHAR(255) NOT NULL;

sql [2021-11-09 23:54:02] [INFO]: Executing (default): ALTER TABLE `Admins` CHANGE `avator` `avator` VARCHAR(255);

sql [2021-11-09 23:54:02] [INFO]: Executing (default): ALTER TABLE `Admins` CHANGE `nickName` `nickName` VARCHAR(255);

sql [2021-11-09 23:54:03] [INFO]: Executing (default): ALTER TABLE `Admins` CHANGE `sex` `sex` TINYINT(1);

sql [2021-11-09 23:54:03] [INFO]: Executing (default): ALTER TABLE `Admins` CHANGE `token` `token` VARCHAR(255);

sql [2021-11-09 23:54:03] [INFO]: Executing (default): ALTER TABLE `Admins` CHANGE `creatTime` `creatTime` DATETIME NOT NULL;

sql [2021-11-09 23:54:03] [INFO]: Executing (default): ALTER TABLE `Admins` CHANGE `updateTime` `updateTime` DATETIME NOT NULL;

sql [2021-11-09 23:54:03] [INFO]: Executing (default): ALTER TABLE `Admins` CHANGE `deleteTime` `deleteTime` DATETIME;

sql [2021-11-09 23:54:04] [INFO]: Executing (default): SHOW INDEX FROM `Admins`

sql [2021-11-09 23:54:53] [INFO]: Executing (default): CREATE TABLE IF NOT EXISTS `Admins` (`id` INTEGER NOT NULL auto_increment , `loginAccount` VARCHAR(255) NOT NULL, `loginPwd` VARCHAR(255) NOT NULL, `avator` VARCHAR(255), `nickName` VARCHAR(255), `sex` TINYINT(1), `token` VARCHAR(255), `creatTime` DATETIME NOT NULL, `updateTime` DATETIME NOT NULL, `deleteTime` DATETIME, PRIMARY KEY (`id`)) ENGINE=InnoDB;

sql [2021-11-09 23:54:54] [INFO]: Executing (default): SHOW FULL COLUMNS FROM `Admins`;

sql [2021-11-09 23:54:54] [INFO]: Executing (default): SELECT CONSTRAINT_NAME as constraint_name,CONSTRAINT_NAME as constraintName,CONSTRAINT_SCHEMA as constraintSchema,CONSTRAINT_SCHEMA as constraintCatalog,TABLE_NAME as tableName,TABLE_SCHEMA as tableSchema,TABLE_SCHEMA as tableCatalog,COLUMN_NAME as columnName,REFERENCED_TABLE_SCHEMA as referencedTableSchema,REFERENCED_TABLE_SCHEMA as referencedTableCatalog,REFERENCED_TABLE_NAME as referencedTableName,REFERENCED_COLUMN_NAME as referencedColumnName FROM INFORMATION_SCHEMA.KEY_COLUMN_USAGE where TABLE_NAME = 'Admins' AND CONSTRAINT_NAME!='PRIMARY' AND CONSTRAINT_SCHEMA='blogWind' AND REFERENCED_TABLE_NAME IS NOT NULL;

sql [2021-11-09 23:54:54] [INFO]: Executing (default): ALTER TABLE `Admins` CHANGE `loginAccount` `loginAccount` VARCHAR(255) NOT NULL;

sql [2021-11-09 23:54:54] [INFO]: Executing (default): ALTER TABLE `Admins` CHANGE `loginPwd` `loginPwd` VARCHAR(255) NOT NULL;

sql [2021-11-09 23:54:54] [INFO]: Executing (default): ALTER TABLE `Admins` CHANGE `avator` `avator` VARCHAR(255);

sql [2021-11-09 23:54:55] [INFO]: Executing (default): ALTER TABLE `Admins` CHANGE `nickName` `nickName` VARCHAR(255);

sql [2021-11-09 23:54:56] [INFO]: Executing (default): ALTER TABLE `Admins` CHANGE `sex` `sex` TINYINT(1);

sql [2021-11-09 23:54:56] [INFO]: Executing (default): ALTER TABLE `Admins` CHANGE `token` `token` VARCHAR(255);

sql [2021-11-09 23:54:56] [INFO]: Executing (default): ALTER TABLE `Admins` CHANGE `creatTime` `creatTime` DATETIME NOT NULL;

sql [2021-11-09 23:54:56] [INFO]: Executing (default): ALTER TABLE `Admins` CHANGE `updateTime` `updateTime` DATETIME NOT NULL;

sql [2021-11-09 23:54:56] [INFO]: Executing (default): ALTER TABLE `Admins` CHANGE `deleteTime` `deleteTime` DATETIME;

sql [2021-11-09 23:54:56] [INFO]: Executing (default): SHOW INDEX FROM `Admins`

sql [2021-11-09 23:57:54] [INFO]: Executing (default): CREATE TABLE IF NOT EXISTS `Admins` (`id` INTEGER NOT NULL auto_increment , `loginAccount` VARCHAR(255) NOT NULL, `loginPwd` VARCHAR(255) NOT NULL, `avator` VARCHAR(255), `nickName` VARCHAR(255), `sex` TINYINT(1), `token` VARCHAR(255), `creatTime` DATETIME NOT NULL, `updateTime` DATETIME NOT NULL, `deleteTime` DATETIME, PRIMARY KEY (`id`)) ENGINE=InnoDB;

sql [2021-11-09 23:57:54] [INFO]: Executing (default): SHOW FULL COLUMNS FROM `Admins`;

sql [2021-11-09 23:57:54] [INFO]: Executing (default): SELECT CONSTRAINT_NAME as constraint_name,CONSTRAINT_NAME as constraintName,CONSTRAINT_SCHEMA as constraintSchema,CONSTRAINT_SCHEMA as constraintCatalog,TABLE_NAME as tableName,TABLE_SCHEMA as tableSchema,TABLE_SCHEMA as tableCatalog,COLUMN_NAME as columnName,REFERENCED_TABLE_SCHEMA as referencedTableSchema,REFERENCED_TABLE_SCHEMA as referencedTableCatalog,REFERENCED_TABLE_NAME as referencedTableName,REFERENCED_COLUMN_NAME as referencedColumnName FROM INFORMATION_SCHEMA.KEY_COLUMN_USAGE where TABLE_NAME = 'Admins' AND CONSTRAINT_NAME!='PRIMARY' AND CONSTRAINT_SCHEMA='blogWind' AND REFERENCED_TABLE_NAME IS NOT NULL;

sql [2021-11-09 23:57:54] [INFO]: Executing (default): ALTER TABLE `Admins` CHANGE `loginAccount` `loginAccount` VARCHAR(255) NOT NULL;

sql [2021-11-09 23:57:54] [INFO]: Executing (default): ALTER TABLE `Admins` CHANGE `loginPwd` `loginPwd` VARCHAR(255) NOT NULL;

sql [2021-11-09 23:57:54] [INFO]: Executing (default): ALTER TABLE `Admins` CHANGE `avator` `avator` VARCHAR(255);

sql [2021-11-09 23:57:55] [INFO]: Executing (default): ALTER TABLE `Admins` CHANGE `nickName` `nickName` VARCHAR(255);

sql [2021-11-09 23:57:55] [INFO]: Executing (default): ALTER TABLE `Admins` CHANGE `sex` `sex` TINYINT(1);

sql [2021-11-09 23:57:55] [INFO]: Executing (default): ALTER TABLE `Admins` CHANGE `token` `token` VARCHAR(255);

sql [2021-11-09 23:57:55] [INFO]: Executing (default): ALTER TABLE `Admins` CHANGE `creatTime` `creatTime` DATETIME NOT NULL;

sql [2021-11-09 23:57:55] [INFO]: Executing (default): ALTER TABLE `Admins` CHANGE `updateTime` `updateTime` DATETIME NOT NULL;

sql [2021-11-09 23:57:55] [INFO]: Executing (default): ALTER TABLE `Admins` CHANGE `deleteTime` `deleteTime` DATETIME;

sql [2021-11-09 23:57:56] [INFO]: Executing (default): SHOW INDEX FROM `Admins`

